This is LuaHBTeX, Version 1.15.0 (TeX Live 2022)  (format=lualatex 2022.9.13)  8 APR 2026 23:51
 restricted system commands enabled.
 file:line:error style messages enabled.
**main.tex
(./main.tex
LaTeX2e <2021-11-15> patch level 1
Lua module: luaotfload 2022-03-18 3.21 Lua based OpenType font support
Lua module: lualibs 2021-05-20 2.74 ConTeXt Lua standard libraries.
Lua module: lualibs-extended 2021-05-20 2.74 ConTeXt Lua libraries -- extended c
ollection.
luaotfload | conf : Root cache directory is "/Users/shiotanitenshou/Library/texl
ive/2022/texmf-var/luatex-cache/generic/names".
luaotfload | init : Loading fontloader "fontloader-2022-02-24.lua" from kpse-res
olved path "/usr/local/texlive/2022/texmf-dist/tex/luatex/luaotfload/fontloader-
2022-02-24.lua".
Lua-only attribute luaotfload@noligature = 1
luaotfload | init : Context OpenType loader version 3.119
Inserting `luaotfload.node_processor' at position 1 in `pre_linebreak_filter'.
Inserting `luaotfload.node_processor' at position 1 in `hpack_filter'.
Inserting `luaotfload.glyph_stream' at position 1 in `glyph_stream_provider'.
Inserting `luaotfload.define_font' at position 1 in `define_font'.
Lua-only attribute luaotfload_color_attribute = 2
luaotfload | conf : Root cache directory is "/Users/shiotanitenshou/Library/texl
ive/2022/texmf-var/luatex-cache/generic/names".
Inserting `luaotfload.harf.strip_prefix' at position 1 in `find_opentype_file'.
Inserting `luaotfload.harf.strip_prefix' at position 1 in `find_truetype_file'.
Removing  `luaotfload.glyph_stream' from `glyph_stream_provider'.
Inserting `luaotfload.harf.glyphstream' at position 1 in `glyph_stream_provider'
.
Inserting `luaotfload.harf.finalize_vlist' at position 1 in `post_linebreak_filt
er'.
Inserting `luaotfload.harf.finalize_hlist' at position 2 in `hpack_filter'.
Inserting `luaotfload.cleanup_files' at position 1 in `wrapup_run'.
Inserting `luaotfload.harf.finalize_unicode' at position 1 in `finish_pdffile'.
Inserting `luaotfload.glyphinfo' at position 1 in `glyph_info'.
Lua-only attribute luaotfload.letterspace_done = 3
Inserting `luaotfload.aux.set_sscale_dimens' at position 1 in `luaotfload.patch_
font'.
Inserting `luaotfload.aux.set_font_index' at position 2 in `luaotfload.patch_fon
t'.
Inserting `luaotfload.aux.patch_cambria_domh' at position 3 in `luaotfload.patch
_font'.
Inserting `luaotfload.aux.fixup_fontdata' at position 1 in `luaotfload.patch_fon
t_unsafe'.
Inserting `luaotfload.aux.set_capheight' at position 4 in `luaotfload.patch_font
'.
Inserting `luaotfload.aux.set_xheight' at position 5 in `luaotfload.patch_font'.
Inserting `luaotfload.rewrite_fontname' at position 6 in `luaotfload.patch_font'
. L3 programming layer <2022-02-24>
Inserting `tracingstacklevels' at position 1 in `input_level_string'.
(/usr/local/texlive/2022/texmf-dist/tex/latex/jlreq/jlreq.cls
Document Class: jlreq 2021/11/05 jlreq
(/usr/local/texlive/2022/texmf-dist/tex/latex/l3packages/l3keys2e/l3keys2e.sty
(/usr/local/texlive/2022/texmf-dist/tex/latex/l3kernel/expl3.sty
Package: expl3 2022-02-24 L3 programming layer (loader) 

(/usr/local/texlive/2022/texmf-dist/tex/latex/l3backend/l3backend-luatex.def
File: l3backend-luatex.def 2022-02-07 L3 backend support: PDF output (LuaTeX)
\l__color_backend_stack_int=\count183
\l__pdf_internal_box=\box50
))
Package: l3keys2e 2022-01-12 LaTeX2e option processing using LaTeX3 keys
) (/usr/local/texlive/2022/texmf-dist/tex/latex/etoolbox/etoolbox.sty
Package: etoolbox 2020/10/05 v2.5k e-TeX tools for LaTeX (JAW)
\etb@tempcnta=\count184
)
(/usr/local/texlive/2022/texmf-dist/tex/latex/jlreq/jlreq-helpers.sty
Package: jlreq-helpers 2021/08/12 jlreq-helpers
\jlreq@tempcnta=\count185
\jlreq@tempcntb=\count186
\jlreq@tempcntc=\count187
\jlreq@tempdima=\dimen137
\jlreq@tempdimb=\dimen138
\jlreq@tempdimc=\dimen139
\jlreq@tempskipa=\skip47
\jlreq@tempskipb=\skip48
\jlreq@tempskipc=\skip49
\jlreq@tempboxa=\box51
\jlreq@tempboxb=\box52
\jlreq@tempboxc=\box53
\jlreq@resultdimen=\dimen140
\jlreq@resultskip=\skip50
\jlreq@resultbox=\box54
\jlreq@resultcnt=\count188
\jlreq@reference@count=\count189
\jlreq@currentpage=\count190
)
\l_jlreq_tmpa_dim=\dimen141
\l_jlreq_tmpa_skip=\skip51
\l_jlreq_tmpa_box=\box55
\l_jlreq_tmpb_box=\box56
\l_jlreq_tmpc_box=\box57

jlreq guessed engine: lualatex
(/usr/local/texlive/2022/texmf-dist/tex/luatex/luatexja/luatexja.sty
Package: luatexja 2022-03-11 Japanese Typesetting with Lua(La)TeX

(/usr/local/texlive/2022/texmf-dist/tex/luatex/luatexja/luatexja-core.sty
Package: luatexja-core 2022-01-12 Core of LuaTeX-ja

(/usr/local/texlive/2022/texmf-dist/tex/luatex/luatexbase/luatexbase.sty
Package: luatexbase 2015/10/04 v1.3 luatexbase interface to LuaTeX 

(/usr/local/texlive/2022/texmf-dist/tex/luatex/ctablestack/ctablestack.sty
Package: ctablestack 2015/10/01 v1.0 Catcode table stable support
\@catcodetablestackcnt=\count191
)
\CatcodeTableOther=\catcodetable12
\CatcodeTableExpl=\catcodetable13
)
(/usr/local/texlive/2022/texmf-dist/tex/generic/ltxcmds/ltxcmds.sty
Package: ltxcmds 2020-05-10 v1.25 LaTeX kernel commands for general use (HO)
)
(/usr/local/texlive/2022/texmf-dist/tex/generic/pdftexcmds/pdftexcmds.sty
Package: pdftexcmds 2020-06-27 v0.33 Utility functions of pdfTeX for LuaTeX (HO
)

(/usr/local/texlive/2022/texmf-dist/tex/generic/infwarerr/infwarerr.sty
Package: infwarerr 2019/12/03 v1.5 Providing info/warning/error messages (HO)
)
(/usr/local/texlive/2022/texmf-dist/tex/generic/iftex/iftex.sty
Package: iftex 2022/02/03 v1.0f TeX engine tests
)
Package pdftexcmds Info: \pdf@primitive is available.
Package pdftexcmds Info: \pdf@ifprimitive is available.
Package pdftexcmds Info: \pdfdraftmode found.
\pdftexcmds@toks=\toks16
)
(/usr/local/texlive/2022/texmf-dist/tex/latex/xkeyval/xkeyval.sty
Package: xkeyval 2020/11/20 v2.8 package option processing (HA)

(/usr/local/texlive/2022/texmf-dist/tex/generic/xkeyval/xkeyval.tex
(/usr/local/texlive/2022/texmf-dist/tex/generic/xkeyval/xkvutils.tex
\XKV@toks=\toks17
\XKV@tempa@toks=\toks18

(/usr/local/texlive/2022/texmf-dist/tex/generic/xkeyval/keyval.tex))
\XKV@depth=\count192
File: xkeyval.tex 2014/12/03 v2.7a key=value parser (HA)
))
(/usr/local/texlive/2022/texmf-dist/tex/latex/everyhook/everyhook.sty
(/usr/local/texlive/2022/texmf-dist/tex/latex/svn-prov/svn-prov.sty
Package: svn-prov 2010/04/24 v3.1862 Package Date/Version from SVN Keywords
)
Package: everyhook 2014/11/26 v1.2 (SVN Rev: 12)\ Hooks for low level TeX every
X primitives.
\everypar=\toks19
\frozen@everymath=\toks20
\frozen@everydisplay=\toks21
\everyhbox=\toks22
\everyvbox=\toks23
\everycr=\toks24
)
\ltjlineendcomment=\count193
\ltj@dimen@zw=\dimen142
\ltj@dimen@zh=\dimen143
\ltj@dimen@jQ=\dimen144
\ltj@icflag=\attribute4
\ltj@curjfnt=\attribute5
\ltj@curtfnt=\attribute6
\ltj@charclass=\attribute7
\ltj@charcode=\attribute8
\ltj@autospc=\attribute9
\ltj@autoxspc=\attribute10
\ltj@yablshift=\attribute11
\ltj@ykblshift=\attribute12
\ltj@tablshift=\attribute13
\ltj@tkblshift=\attribute14
\jfam=\attribute15
\ltj@vert@ori=\attribute16
\ltj@dir=\attribute17
\ltj@@japanese=\language2
\ltj@tempcnta=\count194
\ltj@kcat0=\attribute18
\ltj@kcat1=\attribute19
\ltj@kcat2=\attribute20
\ltj@kcat3=\attribute21
\ltj@kcat4=\attribute22
\ltj@kcat5=\attribute23
\ltj@kcat6=\attribute24
Custom whatsit inhibitglue = 1
Custom whatsit stack_marker = 2
Custom whatsit begin_par = 3
Custom whatsit direction = 4
Custom whatsit box_boundary = 5
Custom whatsit ja_al_boundary = 6(load cache: ltj-cid-auto-adobe-japan1.luc)
Lua module: luatexja.charrange 2020-07-30 Handling the range of Japanese charact
ers
Lua module: luatexja.stack 2020-07-30 LuaTeX-ja stack system
Inserting `ltj.create_dir_whatsit' at position 3 in `hpack_filter'.
Inserting `ltj.create_dir_whatsit' at position 2 in `post_linebreak_filter'.
Inserting `ltj.direction' at position 1 in `vpack_filter'.
Inserting `ltj.direction' at position 1 in `pre_output_filter'.
Inserting `ltj.lineskip' at position 3 in `post_linebreak_filter'.
Inserting `ltj.lineskip' at position 1 in `append_to_vlist_filter'.
Lua module: luatexja.jfont 2021-11-06 Loader for Japanese fonts
Removing  `luaotfload.define_font' from `define_font'.
Inserting `luatexja.font_callback' at position 1 in `define_font'.
Removing  `luaotfload.aux.set_sscale_dimens' from `luaotfload.patch_font'.
Removing  `luaotfload.aux.set_font_index' from `luaotfload.patch_font'.
Removing  `luaotfload.aux.patch_cambria_domh' from `luaotfload.patch_font'.
Removing  `luaotfload.aux.set_capheight' from `luaotfload.patch_font'.
Removing  `luaotfload.aux.set_xheight' from `luaotfload.patch_font'.
Removing  `luaotfload.rewrite_fontname' from `luaotfload.patch_font'.
Inserting `ltj.prepare_extra_data' at position 1 in `luaotfload.patch_font'.
Inserting `luaotfload.aux.set_sscale_dimens' at position 2 in `luaotfload.patch_
font'.
Inserting `luaotfload.aux.set_font_index' at position 3 in `luaotfload.patch_fon
t'.
Inserting `luaotfload.aux.patch_cambria_domh' at position 4 in `luaotfload.patch
_font'.
Inserting `luaotfload.aux.set_capheight' at position 5 in `luaotfload.patch_font
'.
Inserting `luaotfload.aux.set_xheight' at position 6 in `luaotfload.patch_font'.
Inserting `luaotfload.rewrite_fontname' at position 7 in `luaotfload.patch_font'
.
Inserting `ltj.prepare_extra_data' at position 1 in `luatexja.define_font'.
Inserting `ltj.get_vert_form' at position 1 in `luatexja.define_jfont'.
Removing  `ltj.prepare_extra_data' from `luaotfload.patch_font'.
Removing  `luaotfload.aux.set_sscale_dimens' from `luaotfload.patch_font'.
Removing  `luaotfload.aux.set_font_index' from `luaotfload.patch_font'.
Removing  `luaotfload.aux.patch_cambria_domh' from `luaotfload.patch_font'.
Removing  `luaotfload.aux.set_capheight' from `luaotfload.patch_font'.
Removing  `luaotfload.aux.set_xheight' from `luaotfload.patch_font'.
Removing  `luaotfload.rewrite_fontname' from `luaotfload.patch_font'.
Inserting `ltj.supply_tounicode' at position 1 in `luaotfload.patch_font'.
Inserting `ltj.prepare_extra_data' at position 2 in `luaotfload.patch_font'.
Inserting `luaotfload.aux.set_sscale_dimens' at position 3 in `luaotfload.patch_
font'.
Inserting `luaotfload.aux.set_font_index' at position 4 in `luaotfload.patch_fon
t'.
Inserting `luaotfload.aux.patch_cambria_domh' at position 5 in `luaotfload.patch
_font'.
Inserting `luaotfload.aux.set_capheight' at position 6 in `luaotfload.patch_font
'.
Inserting `luaotfload.aux.set_xheight' at position 7 in `luaotfload.patch_font'.
Inserting `luaotfload.rewrite_fontname' at position 8 in `luaotfload.patch_font'
.
Inserting `ltj.process_input_buffer' at position 1 in `process_input_buffer'.
Inserting `ltj.hyphenate' at position 1 in `hyphenate'.
Removing  `luaotfload.node_processor' from `hpack_filter'.
Removing  `luaotfload.harf.finalize_hlist' from `hpack_filter'.
Removing  `ltj.create_dir_whatsit' from `hpack_filter'.
Inserting `ltj.set_stack_level' at position 1 in `hpack_filter'.
Inserting `luaotfload.node_processor' at position 2 in `hpack_filter'.
Inserting `luaotfload.harf.finalize_hlist' at position 3 in `hpack_filter'.
Inserting `ltj.create_dir_whatsit' at position 4 in `hpack_filter'.
Removing  `luaotfload.node_processor' from `pre_linebreak_filter'.
Inserting `ltj.set_stack_level' at position 1 in `pre_linebreak_filter'.
Inserting `luaotfload.node_processor' at position 2 in `pre_linebreak_filter'.
Lua module: luatexja.jfmglue 2022-02-09 Insertion process of JFM glues, [x]kanji
skip and others
Inserting `luatexja.beginpar.np_info' at position 1 in `luatexja.jfmglue.whatsit
_getinfo'.
Inserting `luatexja.beginpar.np_info_after' at position 1 in `luatexja.jfmglue.w
hatsit_after'.
Inserting `ltj.mlist_to_hlist_pre' at position 1 in `pre_mlist_to_hlist_filter'.
Inserting `ltj.main' at position 3 in `pre_linebreak_filter'.
Removing  `luaotfload.harf.finalize_hlist' from `hpack_filter'.
Removing  `ltj.create_dir_whatsit' from `hpack_filter'.
Inserting `ltj.main' at position 3 in `hpack_filter'.
Inserting `luaotfload.harf.finalize_hlist' at position 4 in `hpack_filter'.
Inserting `ltj.create_dir_whatsit' at position 5 in `hpack_filter'.
Removing  `ltj.set_stack_level' from `pre_linebreak_filter'.
Removing  `luaotfload.node_processor' from `pre_linebreak_filter'.
Removing  `ltj.main' from `pre_linebreak_filter'.
Inserting `ltj.adjust_icflag' at position 1 in `pre_linebreak_filter'.
Inserting `ltj.set_stack_level' at position 2 in `pre_linebreak_filter'.
Inserting `luaotfload.node_processor' at position 3 in `pre_linebreak_filter'.
Inserting `ltj.main' at position 4 in `pre_linebreak_filter'.
Removing  `ltj.set_stack_level' from `hpack_filter'.
Removing  `luaotfload.node_processor' from `hpack_filter'.
Removing  `ltj.main' from `hpack_filter'.
Removing  `luaotfload.harf.finalize_hlist' from `hpack_filter'.
Removing  `ltj.create_dir_whatsit' from `hpack_filter'.
Inserting `ltj.adjust_icflag' at position 1 in `hpack_filter'.
Inserting `ltj.set_stack_level' at position 2 in `hpack_filter'.
Inserting `luaotfload.node_processor' at position 3 in `hpack_filter'.
Inserting `ltj.main' at position 4 in `hpack_filter'.
Inserting `luaotfload.harf.finalize_hlist' at position 5 in `hpack_filter'.
Inserting `ltj.create_dir_whatsit' at position 6 in `hpack_filter'.
(/usr/local/texlive/2022/texmf-dist/tex/luatex/luatexja/ltj-base.sty
Package: ltj-base 2021-03-16
\ltj@tempcntb=\count195
\ltj@tempcntc=\count196
\ltj@tempdima=\dimen145
\ltj@afbox=\box58
)
\ltj@@italic@inner=\luafunction25
\ltj@@start@time@measure@inner=\luafunction26
\ltj@@stop@time@measure@inner=\luafunction27
\ltj@@jfont@inner=\luafunction28
\ltj@zw@inner=\luafunction29
\ltj@zh@inner=\luafunction30
\ltj@reset@globaldefs@inner=\luafunction31
\ltj@restore@globaldefs@inner=\luafunction32
\ltj@@disihb@inner=\luafunction33
\ltj@@ihb@inner=\luafunction34
\ltj@@fakeparbegin@inner=\luafunction35
\ltj@@fakeboxbdd@inner=\luafunction36
\ltj@@ins@xk@inner=\luafunction37
\ltj@@ins@k@inner=\luafunction38
\ltj@@stack=\count197
\ltj@@group@level=\count198
\ltjsetkanjiskip@inner=\luafunction39
\ltjsetxkanjiskip@inner=\luafunction40
\ltj@@getparam@one@inner=\luafunction41
\ltj@alljachar@inner=\luafunction42
\ltj@@lua@populate@insertwhatsit@inner=\luafunction43
\ltj@@vadjust@begin@inner=\luafunction44
\ltj@@vadjust@dirhook@inner=\luafunction45
\ltj@@vadjust@check@dir@inner=\luafunction46
\ltj@@box@dirhook@inner=\luafunction47
\ltj@@reset@badness@inner=\luafunction48
\ltj@@lua@raisebox@inner=\luafunction49
\ltj@@lua@unboxcheckdir@inner=\luafunction50
(load cache: ltj-kinsoku_default.luc)
(/usr/local/texlive/2022/texmf-dist/tex/luatex/luatexja/ltj-latex.sty
Package: ltj-latex 2021-10-24 LaTeX support of LuaTeX-ja
Inserting `ltj.direction' at position 1 in `pre_shipout_filter'.
(/usr/local/texlive/2022/texmf-dist/tex/luatex/luatexja/patches/lltjfont.sty
Package: lltjfont 2021-05-26 Patch to NFSS2 for LuaTeX-ja
\ltj@@latex@plv=\count199

(/usr/local/texlive/2022/texmf-dist/tex/latex/base/tuenc.def
File: tuenc.def 2021/04/29 v2.0v Standard LaTeX file
\@remove@tlig@@@@=\luafunction51
LaTeX Font Info:    Redeclaring font encoding TU on input line 106.
)
\Cht=\dimen146
\cht=\dimen147
\Cdp=\dimen148
\cdp=\dimen149
\Cwd=\dimen150
\cwd=\dimen151
\Cvs=\dimen152
\cvs=\dimen153
\Chs=\dimen154
\chs=\dimen155
\cHT=\dimen156
\dstrutbox=\box59
\tstrutbox=\box60
\zstrutbox=\box61
LaTeX Info: Redefining \strut on input line 91.
\ltj@@add@fenc@@inner=\luafunction52
\ltj@@add@kyenc@@inner=\luafunction53
\ltj@@add@ktenc@@inner=\luafunction54
\ltj@@is@kyenc@@inner=\luafunction55
\ltj@@is@ktenc@@inner=\luafunction56
\ltj@@is@kenc@@inner=\luafunction57
\ltj@@is@ffam@@inner=\luafunction58
\ltj@@add@ffam@@inner=\luafunction59
\ltj@@add@kfam@@inner=\luafunction60
\ltj@@adjust@baseline@inner=\luafunction61
LaTeX Info: Redefining \fontencoding on input line 645.
LaTeX Info: Redefining \fontfamily on input line 688.
LaTeX Info: Redefining \fontseries on input line 922.
LaTeX Info: Redefining \fontseriesforce on input line 923.
LaTeX Info: Redefining \fontshape on input line 943.
LaTeX Info: Redefining \fontshapeforce on input line 954.
\ltj@@jfont@@jfmonly@@inner=\luafunction62
\ltj@@does@alt@set@@inner=\luafunction63
)
(/usr/local/texlive/2022/texmf-dist/tex/luatex/luatexja/patches/lltjdefs.sty
Package: lltjdefs 2022-01-23 Default font settings of LuaTeX-ja
luaotfload | db : Font names database loaded from /Users/shiotanitenshou/Library
/texlive/2022/texmf-var/luatex-cache/generic/names/luaotfload-names.luc.gz(load 
cache: extra_lmroman10-regular.luc)
LaTeX Font Info:    Font shape `JT3/mc/m/n' will be
(Font)              scaled to size 9.6222pt on input line 75.

(/usr/local/texlive/2022/texmf-dist/tex/luatex/jlreq/jfm-jlreqv.lua)
LaTeX Font Info:    Font shape `JY3/mc/m/n' will be
(Font)              scaled to size 9.6222pt on input line 75.
(load cache: extra_haranoajimincho-regular.luc)
(/usr/local/texlive/2022/texmf-dist/tex/luatex/jlreq/jfm-jlreq.lua)
\symmincho=\mathgroup4
LaTeX Font Info:    Overwriting symbol font `mincho' in version `bold'
(Font)                  JY3/mc/m/n --> JY3/gt/m/n on input line 84.
)
(/usr/local/texlive/2022/texmf-dist/tex/luatex/luatexja/patches/lltjcore.sty
Package: lltjcore 2022-01-17 Patch to LaTeX2e Kernel for LuaTeX-ja
\@tombowwidth=\dimen157
\@TL=\box62
\@Tl=\box63
\@TC=\box64
\@TR=\box65
\@Tr=\box66
\@BL=\box67
\@Bl=\box68
\@BC=\box69
\@BR=\box70
\@Br=\box71
\@CL=\box72
\@CR=\box73
(load cache: extra_lmmono9-regular.luc)
\@bannertoken=\toks25
\@@paperheight=\dimen158
\@@paperwidth=\dimen159
\@@topmargin=\dimen160
LaTeX Info: Redefining \underline on input line 261.
)
(/usr/local/texlive/2022/texmf-dist/tex/luatex/luatexja/patches/lltjp-atbegshi.
sty
Package: lltjp-atbegshi 2021-04-29 Patching \shipout hooks for LuaTeX-ja
\l__platex_shipout_dummy_box=\box74
)
(/usr/local/texlive/2022/texmf-dist/tex/luatex/luatexja/patches/lltjp-geometry.
sty
Package: lltjp-geometry 2021-10-24 Patch to geometry for LuaTeX-ja with vertica
l writing mode
 (/usr/local/texlive/2022/texmf-dist/tex/generic/iftex/ifluatex.sty
Package: ifluatex 2019/10/25 v1.5 ifluatex legacy package. Use iftex instead.
)))
\ltj@temp@cctb=\catcodetable14
)
(/usr/local/texlive/2022/texmf-dist/tex/luatex/luatexja/luatexja-compat.sty
Package: luatexja-compat 2020-08-08 Compatibility with pTeX
(load cache: ltj-jisx0208.luc)
\hour=\count266
\minute=\count267
))
(/usr/local/texlive/2022/texmf-dist/tex/luatex/luatexja/addons/luatexja-adjust.
sty
Package: luatexja-adjust 2022-02-11
Custom whatsit ghost of a jachar = 7
Removing  `luatexja.beginpar.np_info' from `luatexja.jfmglue.whatsit_getinfo'.
Inserting `ghost of a JACHAR' at position 1 in `luatexja.jfmglue.whatsit_getinfo
'.
Inserting `luatexja.beginpar.np_info' at position 2 in `luatexja.jfmglue.whatsit
_getinfo'.
Removing  `luatexja.beginpar.np_info_after' from `luatexja.jfmglue.whatsit_after
'.
Inserting `ghost of a JACHAR' at position 1 in `luatexja.jfmglue.whatsit_after'.
Inserting `luatexja.beginpar.np_info_after' at position 2 in `luatexja.jfmglue.w
hatsit_after'.
\ltjadj@status@le=\count268
\ltjadj@status@lp=\count269
\ltjadj@status@pr=\count270
\ltjadj@status@ls=\count271
Removing  `ltj.create_dir_whatsit' from `post_linebreak_filter'.
Removing  `ltj.lineskip' from `post_linebreak_filter'.
Inserting `Adjust width' at position 2 in `post_linebreak_filter'.
Inserting `ltj.create_dir_whatsit' at position 3 in `post_linebreak_filter'.
Inserting `ltj.lineskip' at position 4 in `post_linebreak_filter'.
\ltj@@ghost@jachar@inner@both=\luafunction64
\ltj@@ghost@jachar@inner@before=\luafunction65
\ltj@@ghost@jachar@inner@after=\luafunction66
)
Inserting `luatexja.adjust' at position 1 in `luatexja.adjust_jfmglue'.
\jlreq@current@linewidth=\dimen161
\jlreq@rest@linewidth=\dimen162
\jlreq@lastnodechar=\count272
\jlreq@fontsize=\dimen163
\jlreq@jafontsize=\dimen164
 (/usr/local/texlive/2022/texmf-dist/tex/latex/lm/lmodern.sty
Package: lmodern 2015/05/01 v1.6.1 Latin Modern Fonts
LaTeX Font Info:    Overwriting symbol font `operators' in version `normal'
(Font)                  OT1/cmr/m/n --> OT1/lmr/m/n on input line 22.
LaTeX Font Info:    Overwriting symbol font `letters' in version `normal'
(Font)                  OML/cmm/m/it --> OML/lmm/m/it on input line 23.
LaTeX Font Info:    Overwriting symbol font `symbols' in version `normal'
(Font)                  OMS/cmsy/m/n --> OMS/lmsy/m/n on input line 24.
LaTeX Font Info:    Overwriting symbol font `largesymbols' in version `normal'
(Font)                  OMX/cmex/m/n --> OMX/lmex/m/n on input line 25.
LaTeX Font Info:    Overwriting symbol font `operators' in version `bold'
(Font)                  OT1/cmr/bx/n --> OT1/lmr/bx/n on input line 26.
LaTeX Font Info:    Overwriting symbol font `letters' in version `bold'
(Font)                  OML/cmm/b/it --> OML/lmm/b/it on input line 27.
LaTeX Font Info:    Overwriting symbol font `symbols' in version `bold'
(Font)                  OMS/cmsy/b/n --> OMS/lmsy/b/n on input line 28.
LaTeX Font Info:    Overwriting symbol font `largesymbols' in version `bold'
(Font)                  OMX/cmex/m/n --> OMX/lmex/m/n on input line 29.
LaTeX Font Info:    Overwriting math alphabet `\mathbf' in version `normal'
(Font)                  OT1/cmr/bx/n --> OT1/lmr/bx/n on input line 31.
LaTeX Font Info:    Overwriting math alphabet `\mathsf' in version `normal'
(Font)                  OT1/cmss/m/n --> OT1/lmss/m/n on input line 32.
LaTeX Font Info:    Overwriting math alphabet `\mathit' in version `normal'
(Font)                  OT1/cmr/m/it --> OT1/lmr/m/it on input line 33.
LaTeX Font Info:    Overwriting math alphabet `\mathtt' in version `normal'
(Font)                  OT1/cmtt/m/n --> OT1/lmtt/m/n on input line 34.
LaTeX Font Info:    Overwriting math alphabet `\mathbf' in version `bold'
(Font)                  OT1/cmr/bx/n --> OT1/lmr/bx/n on input line 35.
LaTeX Font Info:    Overwriting math alphabet `\mathsf' in version `bold'
(Font)                  OT1/cmss/bx/n --> OT1/lmss/bx/n on input line 36.
LaTeX Font Info:    Overwriting math alphabet `\mathit' in version `bold'
(Font)                  OT1/cmr/bx/it --> OT1/lmr/bx/it on input line 37.
LaTeX Font Info:    Overwriting math alphabet `\mathtt' in version `bold'
(Font)                  OT1/cmtt/m/n --> OT1/lmtt/m/n on input line 38.
)(load cache: extra_lmroman12-regular.luc)
LaTeX Font Info:    Font shape `JT3/mc/m/n' will be
(Font)              scaled to size 11.0pt on input line 1197.
LaTeX Font Info:    Font shape `JY3/mc/m/n' will be
(Font)              scaled to size 11.0pt on input line 1197.
\jlreq@baselineskip=\dimen165
\jlreq@omotekeiwidth=\dimen166
\jlreq@chuubusokeiwidth=\dimen167
\jlreq@urakeiwidth=\dimen168
\jlreq@sidenote@length=\dimen169
\jlreq@sidenote@sep=\dimen170
(load cache: extra_lmroman9-regular.luc)
LaTeX Font Info:    Font shape `JT3/mc/m/n' will be
(Font)              scaled to size 8.80003pt on input line 1384.
LaTeX Font Info:    Font shape `JY3/mc/m/n' will be
(Font)              scaled to size 8.80003pt on input line 1384.
\jlreq@BlockHeading@start@label@box=\box75
\jlreq@BlockHeading@spaces@current@count=\count273
\c@part=\count274
\c@section=\count275
\c@subsection=\count276
\c@subsubsection=\count277
\c@paragraph=\count278
\c@subparagraph=\count279
\jlreq@endnote@prepostspace=\dimen171
\jlreq@endnote@indent=\dimen172
\jlreq@PageStyle@box=\box76
\abovecaptionskip=\skip52
\belowcaptionskip=\skip53
\c@figure=\count280
\c@table=\count281
\jlreq@abstractbox=\box77
\toclineskip=\skip54
\@lnumwidth=\dimen173
\jlreq@top@contents=\count282
\bibindent=\dimen174

(/usr/local/texlive/2022/texmf-dist/tex/latex/filehook/filehook.sty
Package: filehook 2020/09/29 v0.8a Hooks for input files

(/usr/local/texlive/2022/texmf-dist/tex/latex/filehook/filehook-2020.sty
Package: filehook-2020 2020/09/29 v0.8a Hooks for input files
))
LaTeX Font Info:    Font shape `JT3/mc/m/n' will be
(Font)              scaled to size 9.89993pt on input line 6186.
LaTeX Font Info:    Font shape `JY3/mc/m/n' will be
(Font)              scaled to size 9.89993pt on input line 6186.
)
(/usr/local/texlive/2022/texmf-dist/tex/latex/amsmath/amsmath.sty
Package: amsmath 2021/10/15 v2.17l AMS math features
\@mathmargin=\skip55

For additional information on amsmath, use the `?' option.
(/usr/local/texlive/2022/texmf-dist/tex/latex/amsmath/amstext.sty
Package: amstext 2021/08/26 v2.01 AMS text

(/usr/local/texlive/2022/texmf-dist/tex/latex/amsmath/amsgen.sty
File: amsgen.sty 1999/11/30 v2.0 generic functions
\@emptytoks=\toks26
\ex@=\dimen175
))
(/usr/local/texlive/2022/texmf-dist/tex/latex/amsmath/amsbsy.sty
Package: amsbsy 1999/11/29 v1.2d Bold Symbols
\pmbraise@=\dimen176
)
(/usr/local/texlive/2022/texmf-dist/tex/latex/amsmath/amsopn.sty
Package: amsopn 2021/08/26 v2.02 operator names
)
\inf@bad=\count283
LaTeX Info: Redefining \frac on input line 236.
\uproot@=\count284
\leftroot@=\count285
LaTeX Info: Redefining \overline on input line 399.
\classnum@=\count286
\DOTSCASE@=\count287
LaTeX Info: Redefining \ldots on input line 496.
LaTeX Info: Redefining \dots on input line 499.
LaTeX Info: Redefining \cdots on input line 620.
\Mathstrutbox@=\box78
\strutbox@=\box79
\big@size=\dimen177
LaTeX Font Info:    Redeclaring font encoding OML on input line 743.
LaTeX Font Info:    Redeclaring font encoding OMS on input line 744.
\macc@depth=\count288
\c@MaxMatrixCols=\count289
\dotsspace@=\muskip16
\c@parentequation=\count290
\dspbrk@lvl=\count291
\tag@help=\toks27
\row@=\count292
\column@=\count293
\maxfields@=\count294
\andhelp@=\toks28
\eqnshift@=\dimen178
\alignsep@=\dimen179
\tagshift@=\dimen180
\tagwidth@=\dimen181
\totwidth@=\dimen182
\lineht@=\dimen183
\@envbody=\toks29
\multlinegap=\skip56
\multlinetaggap=\skip57
\mathdisplay@stack=\toks30
LaTeX Info: Redefining \[ on input line 2938.
LaTeX Info: Redefining \] on input line 2939.
)
(/usr/local/texlive/2022/texmf-dist/tex/latex/amsfonts/amssymb.sty
Package: amssymb 2013/01/14 v3.01 AMS font symbols

(/usr/local/texlive/2022/texmf-dist/tex/latex/amsfonts/amsfonts.sty
Package: amsfonts 2013/01/14 v3.01 Basic AMSFonts support
\symAMSa=\mathgroup5
\symAMSb=\mathgroup6
LaTeX Font Info:    Redeclaring math symbol \hbar on input line 98.
LaTeX Font Info:    Overwriting math alphabet `\mathfrak' in version `bold'
(Font)                  U/euf/m/n --> U/euf/b/n on input line 106.
))
(/usr/local/texlive/2022/texmf-dist/tex/latex/tools/bm.sty
Package: bm 2021/04/25 v1.2e Bold Symbol Support (DPC/FMi)
\symboldoperators=\mathgroup7
\symboldletters=\mathgroup8
\symboldsymbols=\mathgroup9
Package bm Info: No bold for \OMX/lmex/m/n, using \pmb.
\symboldmincho=\mathgroup10
Package bm Info: No bold for \U/msa/m/n, using \pmb.
Package bm Info: No bold for \U/msb/m/n, using \pmb.
LaTeX Font Info:    Redeclaring math alphabet \mathbf on input line 149.
)
(/usr/local/texlive/2022/texmf-dist/tex/latex/booktabs/booktabs.sty
Package: booktabs 2020/01/12 v1.61803398 Publication quality tables
\heavyrulewidth=\dimen184
\lightrulewidth=\dimen185
\cmidrulewidth=\dimen186
\belowrulesep=\dimen187
\belowbottomsep=\dimen188
\aboverulesep=\dimen189
\abovetopsep=\dimen190
\cmidrulesep=\dimen191
\cmidrulekern=\dimen192
\defaultaddspace=\dimen193
\@cmidla=\count295
\@cmidlb=\count296
\@aboverulesep=\dimen194
\@belowrulesep=\dimen195
\@thisruleclass=\count297
\@lastruleclass=\count298
\@thisrulewidth=\dimen196
)
(/usr/local/texlive/2022/texmf-dist/tex/latex/enumitem/enumitem.sty
Package: enumitem 2019/06/20 v3.9 Customized lists
\enitkv@toks@=\toks31
\labelindent=\skip58
\enit@outerparindent=\dimen197
\enit@toks=\toks32
\enit@inbox=\box80
\enit@count@id=\count299
\enitdp@description=\count300
)
(/usr/local/texlive/2022/texmf-dist/tex/latex/graphics/graphicx.sty
Package: graphicx 2021/09/16 v1.2d Enhanced LaTeX Graphics (DPC,SPQR)

(/usr/local/texlive/2022/texmf-dist/tex/latex/graphics/graphics.sty
Package: graphics 2021/03/04 v1.4d Standard LaTeX Graphics (DPC,SPQR)

(/usr/local/texlive/2022/texmf-dist/tex/latex/graphics/trig.sty
Package: trig 2021/08/11 v1.11 sin cos tan (DPC)
)
(/usr/local/texlive/2022/texmf-dist/tex/latex/graphics-cfg/graphics.cfg
File: graphics.cfg 2016/06/04 v1.11 sample graphics configuration
)
Package graphics Info: Driver file: luatex.def on input line 107.

(/usr/local/texlive/2022/texmf-dist/tex/latex/graphics-def/luatex.def
File: luatex.def 2021/06/01 v1.2c Graphics/color driver for luatex
))
\Gin@req@height=\dimen198
\Gin@req@width=\dimen199
)
(/usr/local/texlive/2022/texmf-dist/tex/latex/hyperref/hyperref.sty
Package: hyperref 2022-02-21 v7.00n Hypertext links for LaTeX

(/usr/local/texlive/2022/texmf-dist/tex/generic/kvsetkeys/kvsetkeys.sty
Package: kvsetkeys 2019/12/15 v1.18 Key value parser (HO)
)
(/usr/local/texlive/2022/texmf-dist/tex/generic/kvdefinekeys/kvdefinekeys.sty
Package: kvdefinekeys 2019-12-19 v1.6 Define keys (HO)
)
(/usr/local/texlive/2022/texmf-dist/tex/generic/pdfescape/pdfescape.sty
Package: pdfescape 2019/12/09 v1.15 Implements pdfTeX's escape features (HO)
)
(/usr/local/texlive/2022/texmf-dist/tex/latex/hycolor/hycolor.sty
Package: hycolor 2020-01-27 v1.10 Color options for hyperref/bookmark (HO)
)
(/usr/local/texlive/2022/texmf-dist/tex/latex/letltxmacro/letltxmacro.sty
Package: letltxmacro 2019/12/03 v1.6 Let assignment for LaTeX macros (HO)
)
(/usr/local/texlive/2022/texmf-dist/tex/latex/auxhook/auxhook.sty
Package: auxhook 2019-12-17 v1.6 Hooks for auxiliary files (HO)
)
(/usr/local/texlive/2022/texmf-dist/tex/latex/kvoptions/kvoptions.sty
Package: kvoptions 2020-10-07 v3.14 Key value format for package options (HO)
)
\@linkdim=\dimen256
\Hy@linkcounter=\count301
\Hy@pagecounter=\count302

(/usr/local/texlive/2022/texmf-dist/tex/latex/hyperref/pd1enc.def
File: pd1enc.def 2022-02-21 v7.00n Hyperref: PDFDocEncoding definition (HO)
)
(/usr/local/texlive/2022/texmf-dist/tex/generic/intcalc/intcalc.sty
Package: intcalc 2019/12/15 v1.3 Expandable calculations with integers (HO)
)
(/usr/local/texlive/2022/texmf-dist/tex/generic/etexcmds/etexcmds.sty
Package: etexcmds 2019/12/15 v1.7 Avoid name clashes with e-TeX commands (HO)
)
\Hy@SavedSpaceFactor=\count303

(/usr/local/texlive/2022/texmf-dist/tex/latex/hyperref/puenc.def
File: puenc.def 2022-02-21 v7.00n Hyperref: PDF Unicode definition (HO)
)
Package hyperref Info: Hyper figures OFF on input line 4137.
Package hyperref Info: Link nesting OFF on input line 4142.
Package hyperref Info: Hyper index ON on input line 4145.
Package hyperref Info: Plain pages OFF on input line 4152.
Package hyperref Info: Backreferencing OFF on input line 4157.
Package hyperref Info: Implicit mode ON; LaTeX internals redefined.
Package hyperref Info: Bookmarks ON on input line 4390.
\c@Hy@tempcnt=\count304

(/usr/local/texlive/2022/texmf-dist/tex/latex/url/url.sty
\Urlmuskip=\muskip17
Package: url 2013/09/16  ver 3.4  Verb mode for urls, etc.
)
LaTeX Info: Redefining \url on input line 4749.
\XeTeXLinkMargin=\dimen257

(/usr/local/texlive/2022/texmf-dist/tex/generic/bitset/bitset.sty
Package: bitset 2019/12/09 v1.3 Handle bit-vector datatype (HO)

(/usr/local/texlive/2022/texmf-dist/tex/generic/bigintcalc/bigintcalc.sty
Package: bigintcalc 2019/12/15 v1.5 Expandable calculations on big integers (HO
)
))
\Fld@menulength=\count305
\Field@Width=\dimen258
\Fld@charsize=\dimen259
Package hyperref Info: Hyper figures OFF on input line 6027.
Package hyperref Info: Link nesting OFF on input line 6032.
Package hyperref Info: Hyper index ON on input line 6035.
Package hyperref Info: backreferencing OFF on input line 6042.
Package hyperref Info: Link coloring OFF on input line 6047.
Package hyperref Info: Link coloring with OCG OFF on input line 6052.
Package hyperref Info: PDF/A mode OFF on input line 6057.
LaTeX Info: Redefining \ref on input line 6097.
LaTeX Info: Redefining \pageref on input line 6101.

(/usr/local/texlive/2022/texmf-dist/tex/latex/base/atbegshi-ltx.sty
Package: atbegshi-ltx 2021/01/10 v1.0c Emulation of the original atbegshi
package with kernel methods
)
\Hy@abspage=\count306
\c@Item=\count307
\c@Hfootnote=\count308
)
Package hyperref Info: Driver (autodetected): hluatex.

(/usr/local/texlive/2022/texmf-dist/tex/latex/hyperref/hluatex.def
File: hluatex.def 2022-02-21 v7.00n Hyperref driver for luaTeX

(/usr/local/texlive/2022/texmf-dist/tex/generic/stringenc/stringenc.sty
Package: stringenc 2019/11/29 v1.12 Convert strings between diff. encodings (HO
)
)
(/usr/local/texlive/2022/texmf-dist/tex/latex/base/atveryend-ltx.sty
Package: atveryend-ltx 2020/08/19 v1.0a Emulation of the original atveryend pac
kage
with kernel methods
)
\Fld@listcount=\count309
\c@bookmark@seq@number=\count310

(/usr/local/texlive/2022/texmf-dist/tex/latex/rerunfilecheck/rerunfilecheck.sty
Package: rerunfilecheck 2019/12/05 v1.9 Rerun checks for auxiliary files (HO)

(/usr/local/texlive/2022/texmf-dist/tex/generic/uniquecounter/uniquecounter.sty
Package: uniquecounter 2019/12/15 v1.4 Provide unlimited unique counter (HO)
)
Package uniquecounter Info: New unique counter `rerunfilecheck' on input line 2
86.
)
\Hy@SectionHShift=\skip59
) (/usr/local/texlive/2022/texmf-dist/tex/latex/tools/longtable.sty
Package: longtable 2021-09-01 v4.17 Multi-page Table package (DPC)
\LTleft=\skip60
\LTright=\skip61
\LTpre=\skip62
\LTpost=\skip63
\LTchunksize=\count311
\LTcapwidth=\dimen260
\LT@head=\box81
\LT@firsthead=\box82
\LT@foot=\box83
\LT@lastfoot=\box84
\LT@gbox=\box85
\LT@cols=\count312
\LT@rows=\count313
\c@LT@tables=\count314
\c@LT@chunks=\count315
\LT@p@ftn=\toks33
)
(/usr/local/texlive/2022/texmf-dist/tex/luatex/luatexja/addons/luatexja-preset.
sty
Package: luatexja-preset 2020-09-14 Japanese font presets
\g__ltjpreset_applycount_int=\count316

(/usr/local/texlive/2022/texmf-dist/tex/luatex/luatexja/addons/luatexja-fontspe
c.sty
Package: luatexja-fontspec 2020-09-14 fontspec support of LuaTeX-ja
(load cache: extra_lmroman17-regular.luc)
LaTeX Font Info:    Font shape `JT3/mc/m/n' will be
(Font)              scaled to size 16.0pt on input line 16.
LaTeX Font Info:    Font shape `JY3/mc/m/n' will be
(Font)              scaled to size 16.0pt on input line 16.
 (/usr/local/texlive/2022/texmf-dist/tex/latex/fontspec/fontspec.sty
(/usr/local/texlive/2022/texmf-dist/tex/latex/l3packages/xparse/xparse.sty
Package: xparse 2022-01-12 L3 Experimental document command parser
)
Package: fontspec 2022/01/15 v2.8a Font selection for XeLaTeX and LuaLaTeX
Lua module: fontspec 2022/01/15 2.8a Font selection for XeLaTeX and LuaLaTeX
(/usr/local/texlive/2022/texmf-dist/tex/latex/fontspec/fontspec-luatex.sty
Package: fontspec-luatex 2022/01/15 v2.8a Font selection for XeLaTeX and LuaLaT
eX
\l__fontspec_script_int=\count317
\l__fontspec_language_int=\count318
\l__fontspec_strnum_int=\count319
\l__fontspec_tmp_int=\count320
\l__fontspec_tmpa_int=\count321
\l__fontspec_tmpb_int=\count322
\l__fontspec_tmpc_int=\count323
\l__fontspec_em_int=\count324
\l__fontspec_emdef_int=\count325
\l__fontspec_strong_int=\count326
\l__fontspec_strongdef_int=\count327
\l__fontspec_tmpa_dim=\dimen261
\l__fontspec_tmpb_dim=\dimen262
\l__fontspec_tmpc_dim=\dimen263

(/usr/local/texlive/2022/texmf-dist/tex/latex/base/fontenc.sty
Package: fontenc 2021/04/29 v2.0v Standard LaTeX package
)
(/usr/local/texlive/2022/texmf-dist/tex/latex/fontspec/fontspec.cfg)(load cache:
 extra_lmroman12-bold.luc)
LaTeX Font Info:    Font shape `JT3/mc/b/n' in size <11> not available
(Font)              Font shape `JT3/gt/m/n' tried instead on input line 3901.
LaTeX Font Info:    Font shape `JT3/gt/m/n' will be
(Font)              scaled to size 11.0pt on input line 3901.
LaTeX Font Info:    Font shape `JY3/mc/b/n' in size <11> not available
(Font)              Font shape `JY3/gt/m/n' tried instead on input line 3901.
LaTeX Font Info:    Font shape `JY3/gt/m/n' will be
(Font)              scaled to size 11.0pt on input line 3901.
(load cache: extra_haranoajigothic-medium.luc)))
(/usr/local/texlive/2022/texmf-dist/tex/luatex/luatexja/patches/lltjp-fontspec.
sty)
(/usr/local/texlive/2022/texmf-dist/tex/luatex/luatexja/addons/luatexja-fontspe
c-27c.sty
Package: luatexja-fontspec-27c 2020-04-04 fontspec support of LuaTeX-ja
\g__ltj_fontspec_altnumber_int=\count328
))

Package luatexja-preset Warning: Japanese fonts will be scaled by 1.


Package luatexja-fontspec Warning: \addjfontfeature(s) ignored;
(luatexja-fontspec)                it cannot be used with a font that wasn't
(luatexja-fontspec)                selected by luatexja-fontspec.


Package fontspec Info: Font family 'HaranoAjiMincho-Regular.otf(0)' created
(fontspec)             for font 'HaranoAjiMincho-Regular.otf' with options
(fontspec)             [YokoFeatures={JFM=jlreq},TateFeatures={JFM=jlreqv},Scal
e=1,Kerning=Off,Script=CJK,BoldFont=HaranoAjiGothic-Medium.otf,YokoFeatures={JF
M=jlreq},TateFeatures={JFM=jlreqv},Script=CJK].
(fontspec)              
(fontspec)              This font family consists of the following NFSS
(fontspec)             series/shapes:
(fontspec)              

LaTeX Font Info:    Redeclaring symbol font `mincho' on input line 718.
LaTeX Font Info:    Overwriting symbol font `mincho' in version `normal'
(Font)                  JY3/mc/m/n --> JY3/HaranoAjiMincho-Regular.otf(0)/m/n o
n input line 718.
LaTeX Font Info:    Overwriting symbol font `mincho' in version `bold'
(Font)                  JY3/gt/m/n --> JY3/HaranoAjiMincho-Regular.otf(0)/m/n o
n input line 718.
LaTeX Font Info:    Overwriting symbol font `mincho' in version `bold'
(Font)                  JY3/HaranoAjiMincho-Regular.otf(0)/m/n --> JY3/HaranoAj
iMincho-Regular.otf(0)/b/n on input line 718.
LaTeX Font Info:    Font shape `JT3/HaranoAjiMincho-Regular.otf(0)/m/n' will be

(Font)              scaled to size 11.0pt on input line 718.
LaTeX Font Info:    Font shape `JY3/HaranoAjiMincho-Regular.otf(0)/m/n' will be

(Font)              scaled to size 11.0pt on input line 718.

Package fontspec Info: Font family 'HaranoAjiGothic-Medium.otf(0)' created for
(fontspec)             font 'HaranoAjiGothic-Medium.otf' with options
(fontspec)             [YokoFeatures={JFM=jlreq},TateFeatures={JFM=jlreqv},Scal
e=1,Kerning=Off,Script=CJK,BoldFont=HaranoAjiGothic-Medium.otf,YokoFeatures={JF
M=jlreq},TateFeatures={JFM=jlreqv},Script=CJK].
(fontspec)              
(fontspec)              This font family consists of the following NFSS
(fontspec)             series/shapes:
(fontspec)              

LaTeX Font Info:    Redeclaring math alphabet \mathgt on input line 718.
LaTeX Font Info:    Overwriting math alphabet `\mathgt' in version `normal'
(Font)                  JY3/gt/m/n --> JY3/HaranoAjiGothic-Medium.otf(0)/m/n on
 input line 718.
LaTeX Font Info:    Overwriting math alphabet `\mathgt' in version `bold'
(Font)                  JY3/gt/m/n --> JY3/HaranoAjiGothic-Medium.otf(0)/m/n on
 input line 718.
) (/usr/local/texlive/2022/texmf-dist/tex/latex/siunitx/siunitx.sty
Package: siunitx 2022-02-15 v3.0.49 A comprehensive (SI) units package
\l__siunitx_angle_tmp_dim=\dimen264
\l__siunitx_angle_marker_box=\box86
\l__siunitx_angle_unit_box=\box87
\l__siunitx_compound_count_int=\count329

(/usr/local/texlive/2022/texmf-dist/tex/latex/translations/translations.sty
Package: translations 2022/02/05 v1.12 internationalization of LaTeX2e packages
 (CN)
)
\l__siunitx_number_exponent_fixed_int=\count330
\l__siunitx_number_min_decimal_int=\count331
\l__siunitx_number_min_integer_int=\count332
\l__siunitx_number_round_precision_int=\count333
\l__siunitx_number_group_minimum_int=\count334
\l__siunitx_table_tmp_box=\box88
\l__siunitx_table_tmp_dim=\dimen265
\l__siunitx_table_column_width_dim=\dimen266
\l__siunitx_table_integer_box=\box89
\l__siunitx_table_decimal_box=\box90
\l__siunitx_table_before_box=\box91
\l__siunitx_table_after_box=\box92
\l__siunitx_table_before_dim=\dimen267
\l__siunitx_table_carry_dim=\dimen268
\l__siunitx_unit_tmp_int=\count335
\l__siunitx_unit_position_int=\count336
\l__siunitx_unit_total_int=\count337

(/usr/local/texlive/2022/texmf-dist/tex/latex/tools/array.sty
Package: array 2021/10/04 v2.5f Tabular extension package (FMi)
\col@sep=\dimen269
\ar@mcellbox=\box93
\extrarowheight=\dimen270
\NC@list=\toks34
\extratabsurround=\skip64
\backup@length=\skip65
\ar@cellbox=\box94
))
(/usr/local/texlive/2022/texmf-dist/tex/luatex/luatexja/patches/lltjp-siunitx.s
ty) (/usr/local/texlive/2022/texmf-dist/tex/latex/xcolor/xcolor.sty
Package: xcolor 2021/10/31 v2.13 LaTeX color extensions (UK)

(/usr/local/texlive/2022/texmf-dist/tex/latex/graphics-cfg/color.cfg
File: color.cfg 2016/01/02 v1.6 sample color configuration
)
Package xcolor Info: Driver file: luatex.def on input line 227.
Package xcolor Info: Model `cmy' substituted by `cmy0' on input line 1352.
Package xcolor Info: Model `hsb' substituted by `rgb' on input line 1356.
Package xcolor Info: Model `RGB' extended on input line 1368.
Package xcolor Info: Model `HTML' substituted by `rgb' on input line 1370.
Package xcolor Info: Model `Hsb' substituted by `hsb' on input line 1371.
Package xcolor Info: Model `tHsb' substituted by `hsb' on input line 1372.
Package xcolor Info: Model `HSB' substituted by `hsb' on input line 1373.
Package xcolor Info: Model `Gray' substituted by `gray' on input line 1374.
Package xcolor Info: Model `wave' substituted by `hsb' on input line 1375.
)
Package hyperref Info: Option `colorlinks' set `true' on input line 18.

(/usr/local/texlive/2022/texmf-dist/tex/luatex/luatexja/patches/lltjp-array.sty
Package: lltjp-array 2019-07-18 Patch to array for LuaTeX-ja
)
Package translations Info: No language package found. I am going to use `englis
h' as default language. on input line 35.
 (./main.aux)
\openout1 = main.aux

LaTeX Font Info:    Checking defaults for OML/cmm/m/it on input line 35.
LaTeX Font Info:    ... okay on input line 35.
LaTeX Font Info:    Checking defaults for OMS/cmsy/m/n on input line 35.
LaTeX Font Info:    ... okay on input line 35.
LaTeX Font Info:    Checking defaults for OT1/cmr/m/n on input line 35.
LaTeX Font Info:    ... okay on input line 35.
LaTeX Font Info:    Checking defaults for T1/cmr/m/n on input line 35.
LaTeX Font Info:    ... okay on input line 35.
LaTeX Font Info:    Checking defaults for TS1/cmr/m/n on input line 35.
LaTeX Font Info:    Trying loading font information for TS1+cmr on input line 3
5.
 (/usr/local/texlive/2022/texmf-dist/tex/latex/base/ts1cmr.fd
File: ts1cmr.fd 2019/12/16 v2.5j Standard LaTeX font definitions
)
LaTeX Font Info:    ... okay on input line 35.
LaTeX Font Info:    Checking defaults for TU/lmr/m/n on input line 35.
LaTeX Font Info:    ... okay on input line 35.
LaTeX Font Info:    Checking defaults for OMX/cmex/m/n on input line 35.
LaTeX Font Info:    ... okay on input line 35.
LaTeX Font Info:    Checking defaults for U/cmr/m/n on input line 35.
LaTeX Font Info:    ... okay on input line 35.
LaTeX Font Info:    Checking defaults for JY3/mc/m/n on input line 35.
LaTeX Font Info:    ... okay on input line 35.
LaTeX Font Info:    Checking defaults for JT3/mc/m/n on input line 35.
LaTeX Font Info:    ... okay on input line 35.
LaTeX Font Info:    Checking defaults for PD1/pdf/m/n on input line 35.
LaTeX Font Info:    ... okay on input line 35.
LaTeX Font Info:    Checking defaults for PU/pdf/m/n on input line 35.
LaTeX Font Info:    ... okay on input line 35.

(/usr/local/texlive/2022/texmf-dist/tex/context/base/mkii/supp-pdf.mkii
[Loading MPS to PDF converter (version 2006.09.02).]
\scratchcounter=\count338
\scratchdimen=\dimen271
\scratchbox=\box95
\nofMPsegments=\count339
\nofMParguments=\count340
\everyMPshowfont=\toks35
\MPscratchCnt=\count341
\MPscratchDim=\dimen272
\MPnumerator=\count342
\makeMPintoPDFobject=\count343
\everyMPtoPDFconversion=\toks36
) (/usr/local/texlive/2022/texmf-dist/tex/latex/epstopdf-pkg/epstopdf-base.sty
Package: epstopdf-base 2020-01-24 v2.11 Base part for package epstopdf
Package epstopdf-base Info: Redefining graphics rule for `.eps' on input line 4
85.

(/usr/local/texlive/2022/texmf-dist/tex/latex/latexconfig/epstopdf-sys.cfg
File: epstopdf-sys.cfg 2010/07/13 v1.3 Configuration of (r)epstopdf for TeX Liv
e
))
Package hyperref Info: Link coloring ON on input line 35.

(/usr/local/texlive/2022/texmf-dist/tex/latex/hyperref/nameref.sty
Package: nameref 2021-04-02 v2.47 Cross-referencing by name of section

(/usr/local/texlive/2022/texmf-dist/tex/latex/refcount/refcount.sty
Package: refcount 2019/12/15 v3.6 Data extraction from label references (HO)
)
(/usr/local/texlive/2022/texmf-dist/tex/generic/gettitlestring/gettitlestring.s
ty
Package: gettitlestring 2019/12/15 v1.6 Cleanup title references (HO)
)
\c@section@level=\count344
)
LaTeX Info: Redefining \ref on input line 35.
LaTeX Info: Redefining \pageref on input line 35.
LaTeX Info: Redefining \nameref on input line 35.
 (./main.out) (./main.out)
\@outlinefile=\write3

\openout3 = main.out

(/usr/local/texlive/2022/texmf-dist/tex/latex/translations/translations-basic-d
ictionary-english.trsl
File: translations-basic-dictionary-english.trsl (english translation file `tra
nslations-basic-dictionary')
)
Package translations Info: loading dictionary `translations-basic-dictionary' f
or `english'. on input line 35.
LaTeX Font Info:    Font shape `JT3/HaranoAjiMincho-Regular.otf(0)/m/n' will be

(Font)              scaled to size 18.7pt on input line 37.
LaTeX Font Info:    Font shape `JY3/HaranoAjiMincho-Regular.otf(0)/m/n' will be

(Font)              scaled to size 18.7pt on input line 37.
LaTeX Font Info:    Font shape `JT3/HaranoAjiMincho-Regular.otf(0)/m/n' will be

(Font)              scaled to size 13.2pt on input line 37.
LaTeX Font Info:    Font shape `JY3/HaranoAjiMincho-Regular.otf(0)/m/n' will be

(Font)              scaled to size 13.2pt on input line 37.
LaTeX Font Info:    Calculating math sizes for size <13.2> on input line 37.
LaTeX Font Info:    Trying loading font information for OT1+lmr on input line 3
7.

(/usr/local/texlive/2022/texmf-dist/tex/latex/lm/ot1lmr.fd
File: ot1lmr.fd 2015/05/01 v1.6.1 Font defs for Latin Modern
)
LaTeX Font Info:    Trying loading font information for OML+lmm on input line 3
7.

(/usr/local/texlive/2022/texmf-dist/tex/latex/lm/omllmm.fd
File: omllmm.fd 2015/05/01 v1.6.1 Font defs for Latin Modern
)
LaTeX Font Info:    Trying loading font information for OMS+lmsy on input line 
37.

(/usr/local/texlive/2022/texmf-dist/tex/latex/lm/omslmsy.fd
File: omslmsy.fd 2015/05/01 v1.6.1 Font defs for Latin Modern
)
LaTeX Font Info:    Trying loading font information for OMX+lmex on input line 
37.

(/usr/local/texlive/2022/texmf-dist/tex/latex/lm/omxlmex.fd
File: omxlmex.fd 2015/05/01 v1.6.1 Font defs for Latin Modern
)
LaTeX Font Info:    External font `lmex10' loaded for size
(Font)              <13.2> on input line 37.
LaTeX Font Info:    External font `lmex10' loaded for size
(Font)              <9.23994> on input line 37.
LaTeX Font Info:    External font `lmex10' loaded for size
(Font)              <6.59999> on input line 37.
LaTeX Font Info:    Font shape `JY3/HaranoAjiMincho-Regular.otf(0)/m/n' will be

(Font)              scaled to size 9.23994pt on input line 37.
LaTeX Font Info:    Font shape `JY3/HaranoAjiMincho-Regular.otf(0)/m/n' will be

(Font)              scaled to size 6.59999pt on input line 37.
LaTeX Font Info:    Trying loading font information for U+msa on input line 37.


(/usr/local/texlive/2022/texmf-dist/tex/latex/amsfonts/umsa.fd
File: umsa.fd 2013/01/14 v3.01 AMS symbols A
)
LaTeX Font Info:    Trying loading font information for U+msb on input line 37.


(/usr/local/texlive/2022/texmf-dist/tex/latex/amsfonts/umsb.fd
File: umsb.fd 2013/01/14 v3.01 AMS symbols B
)
LaTeX Font Info:    Font shape `JY3/gt/m/n' will be
(Font)              scaled to size 13.2pt on input line 37.
LaTeX Font Info:    Font shape `JY3/gt/m/n' will be
(Font)              scaled to size 9.23994pt on input line 37.
LaTeX Font Info:    Font shape `JY3/gt/m/n' will be
(Font)              scaled to size 6.59999pt on input line 37.
LaTeX Font Info:    Font shape `JT3/HaranoAjiMincho-Regular.otf(0)/m/n' will be

(Font)              scaled to size 15.4pt on input line 39.
LaTeX Font Info:    Font shape `JY3/HaranoAjiMincho-Regular.otf(0)/m/n' will be

(Font)              scaled to size 15.4pt on input line 39.
(load cache: extra_lmsans12-regular.luc)
LaTeX Font Info:    Font shape `JT3/HaranoAjiGothic-Medium.otf(0)/m/n' will be
(Font)              scaled to size 15.4pt on input line 39.
LaTeX Font Info:    Font shape `JY3/HaranoAjiGothic-Medium.otf(0)/m/n' will be
(Font)              scaled to size 15.4pt on input line 39.
(load cache: extra_lmsans10-bold.luc)
LaTeX Font Info:    Font shape `JT3/HaranoAjiGothic-Medium.otf(0)/b/n' will be
(Font)              scaled to size 15.4pt on input line 39.
LaTeX Font Info:    Font shape `JY3/HaranoAjiGothic-Medium.otf(0)/b/n' will be
(Font)              scaled to size 15.4pt on input line 39.
LaTeX Font Info:    Font shape `JT3/HaranoAjiGothic-Medium.otf(0)/m/n' will be
(Font)              scaled to size 13.2pt on input line 41.
LaTeX Font Info:    Font shape `JY3/HaranoAjiGothic-Medium.otf(0)/m/n' will be
(Font)              scaled to size 13.2pt on input line 41.
LaTeX Font Info:    Font shape `JT3/HaranoAjiGothic-Medium.otf(0)/b/n' will be
(Font)              scaled to size 13.2pt on input line 41.
LaTeX Font Info:    Font shape `JY3/HaranoAjiGothic-Medium.otf(0)/b/n' will be
(Font)              scaled to size 13.2pt on input line 41.
LaTeX Font Info:    Calculating math sizes for size <11> on input line 43.
LaTeX Font Info:    External font `lmex10' loaded for size
(Font)              <11> on input line 43.
LaTeX Font Info:    External font `lmex10' loaded for size
(Font)              <7.69997> on input line 43.
LaTeX Font Info:    External font `lmex10' loaded for size
(Font)              <5.5> on input line 43.
LaTeX Font Info:    Font shape `JY3/HaranoAjiMincho-Regular.otf(0)/m/n' will be

(Font)              scaled to size 7.69997pt on input line 43.
LaTeX Font Info:    Font shape `JY3/HaranoAjiMincho-Regular.otf(0)/m/n' will be

(Font)              scaled to size 5.5pt on input line 43.
LaTeX Font Info:    Font shape `JY3/gt/m/n' will be
(Font)              scaled to size 7.69997pt on input line 43.
LaTeX Font Info:    Font shape `JY3/gt/m/n' will be
(Font)              scaled to size 5.5pt on input line 43.
(load cache: extra_lmmono12-regular.luc)(load cache: extra_lmroman8-regular.luc)
LaTeX Font Info:    Font shape `JT3/HaranoAjiMincho-Regular.otf(0)/m/n' will be

(Font)              scaled to size 7.69997pt on input line 43.
(load cache: extra_lmmono8-regular.luc)(load cache: extra_lmroman6-regular.luc)
LaTeX Font Info:    Font shape `JT3/HaranoAjiMincho-Regular.otf(0)/m/n' will be

(Font)              scaled to size 5.5pt on input line 43.
LaTeX Font Info:    Font shape `JT3/HaranoAjiMincho-Regular.otf(0)/m/n' will be

(Font)              scaled to size 9.89993pt on input line 84.
LaTeX Font Info:    Font shape `JY3/HaranoAjiMincho-Regular.otf(0)/m/n' will be

(Font)              scaled to size 9.89993pt on input line 84.
 [1

{/usr/local/texlive/2022/texmf-var/fonts/map/pdftex/updmap/pdftex.map}] [2]
<../../data/derived/m_trade_quote_cpcf_examples/M_20251031-20251103_min100_2026
0408T060741Z//cpcf__MORN.png, id=157, 867.24pt x 332.08064pt>
File: ../../data/derived/m_trade_quote_cpcf_examples/M_20251031-20251103_min100
_20260408T060741Z//cpcf__MORN.png Graphic file (type png)
<use ../../data/derived/m_trade_quote_cpcf_examples/M_20251031-20251103_min100_
20260408T060741Z//cpcf__MORN.png>
Package luatex.def Info: ../../data/derived/m_trade_quote_cpcf_examples/M_20251
031-20251103_min100_20260408T060741Z//cpcf__MORN.png  used on input line 159.
(luatex.def)             Requested size: 211.19817pt x 80.87149pt.
<../../data/derived/m_trade_quote_cpcf_examples/M_20251031-20251103_min100_2026
0408T060741Z//cpcf__MAR.png, id=158, 867.24pt x 332.08064pt>
File: ../../data/derived/m_trade_quote_cpcf_examples/M_20251031-20251103_min100
_20260408T060741Z//cpcf__MAR.png Graphic file (type png)
<use ../../data/derived/m_trade_quote_cpcf_examples/M_20251031-20251103_min100_
20260408T060741Z//cpcf__MAR.png>
Package luatex.def Info: ../../data/derived/m_trade_quote_cpcf_examples/M_20251
031-20251103_min100_20260408T060741Z//cpcf__MAR.png  used on input line 160.
(luatex.def)             Requested size: 211.19817pt x 80.87149pt.
<../../data/derived/m_trade_quote_cpcf_examples/M_20251031-20251103_min100_2026
0408T060741Z//cpcf__MDB.png, id=159, 867.24pt x 332.08064pt>
File: ../../data/derived/m_trade_quote_cpcf_examples/M_20251031-20251103_min100
_20260408T060741Z//cpcf__MDB.png Graphic file (type png)
<use ../../data/derived/m_trade_quote_cpcf_examples/M_20251031-20251103_min100_
20260408T060741Z//cpcf__MDB.png>
Package luatex.def Info: ../../data/derived/m_trade_quote_cpcf_examples/M_20251
031-20251103_min100_20260408T060741Z//cpcf__MDB.png  used on input line 164.
(luatex.def)             Requested size: 211.19817pt x 80.87149pt.
<../../data/derived/m_trade_quote_cpcf_examples/M_20251031-20251103_min100_2026
0408T060741Z//cpcf__MSFT.png, id=160, 867.24pt x 332.08064pt>
File: ../../data/derived/m_trade_quote_cpcf_examples/M_20251031-20251103_min100
_20260408T060741Z//cpcf__MSFT.png Graphic file (type png)
<use ../../data/derived/m_trade_quote_cpcf_examples/M_20251031-20251103_min100_
20260408T060741Z//cpcf__MSFT.png>
Package luatex.def Info: ../../data/derived/m_trade_quote_cpcf_examples/M_20251
031-20251103_min100_20260408T060741Z//cpcf__MSFT.png  used on input line 165.
(luatex.def)             Requested size: 211.19817pt x 80.87149pt.
(load cache: extra_lmsans10-regular.luc)
LaTeX Font Info:    Font shape `JT3/HaranoAjiGothic-Medium.otf(0)/m/n' will be
(Font)              scaled to size 9.89993pt on input line 171.
LaTeX Font Info:    Font shape `JY3/HaranoAjiGothic-Medium.otf(0)/m/n' will be
(Font)              scaled to size 9.89993pt on input line 171.
LaTeX Font Info:    Font shape `JT3/HaranoAjiGothic-Medium.otf(0)/b/n' will be
(Font)              scaled to size 9.89993pt on input line 171.
LaTeX Font Info:    Font shape `JY3/HaranoAjiGothic-Medium.otf(0)/b/n' will be
(Font)              scaled to size 9.89993pt on input line 171.
LaTeX Font Info:    Font shape `TU/lmtt/bx/n' in size <9.89993> not available
(Font)              Font shape `TU/lmtt/b/n' tried instead on input line 171.
(load cache: extra_lmmonolt10-bold.luc)
LaTeX Font Info:    Font shape `JT3/HaranoAjiMincho-Regular.otf(0)/b/n' will be

(Font)              scaled to size 9.89993pt on input line 171.
LaTeX Font Info:    Font shape `JY3/HaranoAjiMincho-Regular.otf(0)/b/n' will be

(Font)              scaled to size 9.89993pt on input line 171.
LaTeX Font Info:    Font shape `JY3/HaranoAjiGothic-Medium.otf(0)/m/n' will be
(Font)              scaled to size 11.0pt on input line 197.
LaTeX Font Info:    Font shape `JY3/HaranoAjiGothic-Medium.otf(0)/m/n' will be
(Font)              scaled to size 7.69997pt on input line 197.
LaTeX Font Info:    Font shape `JY3/HaranoAjiGothic-Medium.otf(0)/m/n' will be
(Font)              scaled to size 5.5pt on input line 197.
 [3]
LaTeX Font Info:    Calculating math sizes for size <9.89993> on input line 256
.
LaTeX Font Info:    External font `lmex10' loaded for size
(Font)              <9.89993> on input line 256.
LaTeX Font Info:    External font `lmex10' loaded for size
(Font)              <6.92992> on input line 256.
LaTeX Font Info:    External font `lmex10' loaded for size
(Font)              <4.94997> on input line 256.
LaTeX Font Info:    Font shape `JY3/HaranoAjiMincho-Regular.otf(0)/m/n' will be

(Font)              scaled to size 6.92992pt on input line 256.
LaTeX Font Info:    Font shape `JY3/HaranoAjiMincho-Regular.otf(0)/m/n' will be

(Font)              scaled to size 4.94997pt on input line 256.
LaTeX Font Info:    Font shape `JY3/HaranoAjiGothic-Medium.otf(0)/m/n' will be
(Font)              scaled to size 6.92992pt on input line 256.
LaTeX Font Info:    Font shape `JY3/HaranoAjiGothic-Medium.otf(0)/m/n' will be
(Font)              scaled to size 4.94997pt on input line 256.
LaTeX Font Info:    Font shape `JY3/gt/m/n' will be
(Font)              scaled to size 9.89993pt on input line 256.
LaTeX Font Info:    Font shape `JY3/gt/m/n' will be
(Font)              scaled to size 6.92992pt on input line 256.
LaTeX Font Info:    Font shape `JY3/gt/m/n' will be
(Font)              scaled to size 4.94997pt on input line 256.
(load cache: extra_lmmono10-regular.luc)
<../../data/derived/m_trade_quote_round_lot_effects/M_20251031-20251103_min100_
20260408T060741Z_QZ_with_round_lot_sep2025_mean_close//coef_plot.png, id=166, 6
50.43pt x 437.2335pt>
File: ../../data/derived/m_trade_quote_round_lot_effects/M_20251031-20251103_mi
n100_20260408T060741Z_QZ_with_round_lot_sep2025_mean_close//coef_plot.png Graph
ic file (type png)
<use ../../data/derived/m_trade_quote_round_lot_effects/M_20251031-20251103_min
100_20260408T060741Z_QZ_with_round_lot_sep2025_mean_close//coef_plot.png>
Package luatex.def Info: ../../data/derived/m_trade_quote_round_lot_effects/M_2
0251031-20251103_min100_20260408T060741Z_QZ_with_round_lot_sep2025_mean_close//
coef_plot.png  used on input line 271.
(luatex.def)             Requested size: 378.40036pt x 254.37617pt.
<../../data/derived/m_trade_quote_round_lot_effects/M_20251031-20251103_min100_
20260408T060741Z_QZ_with_round_lot_sep2025_mean_close//boxplot__mode.png, id=16
7, 578.16pt x 361.35pt>
File: ../../data/derived/m_trade_quote_round_lot_effects/M_20251031-20251103_mi
n100_20260408T060741Z_QZ_with_round_lot_sep2025_mean_close//boxplot__mode.png G
raphic file (type png)
<use ../../data/derived/m_trade_quote_round_lot_effects/M_20251031-20251103_min
100_20260408T060741Z_QZ_with_round_lot_sep2025_mean_close//boxplot__mode.png>
Package luatex.def Info: ../../data/derived/m_trade_quote_round_lot_effects/M_2
0251031-20251103_min100_20260408T060741Z_QZ_with_round_lot_sep2025_mean_close//
boxplot__mode.png  used on input line 281.
(luatex.def)             Requested size: 343.19954pt x 214.4959pt.
<../../data/derived/m_trade_quote_round_lot_effects/M_20251031-20251103_min100_
20260408T060741Z_QZ_with_round_lot_sep2025_mean_close//boxplot__cross_k_neg_1e3
_1e4.png, id=168, 578.16pt x 361.35pt>
File: ../../data/derived/m_trade_quote_round_lot_effects/M_20251031-20251103_mi
n100_20260408T060741Z_QZ_with_round_lot_sep2025_mean_close//boxplot__cross_k_ne
g_1e3_1e4.png Graphic file (type png)
<use ../../data/derived/m_trade_quote_round_lot_effects/M_20251031-20251103_min
100_20260408T060741Z_QZ_with_round_lot_sep2025_mean_close//boxplot__cross_k_neg
_1e3_1e4.png>
Package luatex.def Info: ../../data/derived/m_trade_quote_round_lot_effects/M_2
0251031-20251103_min100_20260408T060741Z_QZ_with_round_lot_sep2025_mean_close//
boxplot__cross_k_neg_1e3_1e4.png  used on input line 288.
(luatex.def)             Requested size: 140.80325pt x 87.99944pt.
<../../data/derived/m_trade_quote_round_lot_effects/M_20251031-20251103_min100_
20260408T060741Z_QZ_with_round_lot_sep2025_mean_close//boxplot__cross_k_neg_1e4
_1e5.png, id=169, 578.16pt x 361.35pt>
File: ../../data/derived/m_trade_quote_round_lot_effects/M_20251031-20251103_mi
n100_20260408T060741Z_QZ_with_round_lot_sep2025_mean_close//boxplot__cross_k_ne
g_1e4_1e5.png Graphic file (type png)
<use ../../data/derived/m_trade_quote_round_lot_effects/M_20251031-20251103_min
100_20260408T060741Z_QZ_with_round_lot_sep2025_mean_close//boxplot__cross_k_neg
_1e4_1e5.png>
Package luatex.def Info: ../../data/derived/m_trade_quote_round_lot_effects/M_2
0251031-20251103_min100_20260408T060741Z_QZ_with_round_lot_sep2025_mean_close//
boxplot__cross_k_neg_1e4_1e5.png  used on input line 289.
(luatex.def)             Requested size: 140.80325pt x 87.99944pt.
<../../data/derived/m_trade_quote_round_lot_effects/M_20251031-20251103_min100_
20260408T060741Z_QZ_with_round_lot_sep2025_mean_close//boxplot__cross_k_neg_1e5
_0.png, id=170, 578.16pt x 361.35pt>
File: ../../data/derived/m_trade_quote_round_lot_effects/M_20251031-20251103_mi
n100_20260408T060741Z_QZ_with_round_lot_sep2025_mean_close//boxplot__cross_k_ne
g_1e5_0.png Graphic file (type png)
<use ../../data/derived/m_trade_quote_round_lot_effects/M_20251031-20251103_min
100_20260408T060741Z_QZ_with_round_lot_sep2025_mean_close//boxplot__cross_k_neg
_1e5_0.png>
Package luatex.def Info: ../../data/derived/m_trade_quote_round_lot_effects/M_2
0251031-20251103_min100_20260408T060741Z_QZ_with_round_lot_sep2025_mean_close//
boxplot__cross_k_neg_1e5_0.png  used on input line 290.
(luatex.def)             Requested size: 140.80325pt x 87.99944pt.
<../../data/derived/m_trade_quote_round_lot_effects/M_20251031-20251103_min100_
20260408T060741Z_QZ_with_round_lot_sep2025_mean_close//boxplot__cross_k_pos_0_1
e5.png, id=171, 578.16pt x 361.35pt>
File: ../../data/derived/m_trade_quote_round_lot_effects/M_20251031-20251103_mi
n100_20260408T060741Z_QZ_with_round_lot_sep2025_mean_close//boxplot__cross_k_po
s_0_1e5.png Graphic file (type png)
<use ../../data/derived/m_trade_quote_round_lot_effects/M_20251031-20251103_min
100_20260408T060741Z_QZ_with_round_lot_sep2025_mean_close//boxplot__cross_k_pos
_0_1e5.png>
Package luatex.def Info: ../../data/derived/m_trade_quote_round_lot_effects/M_2
0251031-20251103_min100_20260408T060741Z_QZ_with_round_lot_sep2025_mean_close//
boxplot__cross_k_pos_0_1e5.png  used on input line 299.
(luatex.def)             Requested size: 140.80325pt x 87.99944pt.
<../../data/derived/m_trade_quote_round_lot_effects/M_20251031-20251103_min100_
20260408T060741Z_QZ_with_round_lot_sep2025_mean_close//boxplot__cross_k_pos_1e5
_1e4.png, id=172, 578.16pt x 361.35pt>
File: ../../data/derived/m_trade_quote_round_lot_effects/M_20251031-20251103_mi
n100_20260408T060741Z_QZ_with_round_lot_sep2025_mean_close//boxplot__cross_k_po
s_1e5_1e4.png Graphic file (type png)
<use ../../data/derived/m_trade_quote_round_lot_effects/M_20251031-20251103_min
100_20260408T060741Z_QZ_with_round_lot_sep2025_mean_close//boxplot__cross_k_pos
_1e5_1e4.png>
Package luatex.def Info: ../../data/derived/m_trade_quote_round_lot_effects/M_2
0251031-20251103_min100_20260408T060741Z_QZ_with_round_lot_sep2025_mean_close//
boxplot__cross_k_pos_1e5_1e4.png  used on input line 300.
(luatex.def)             Requested size: 140.80325pt x 87.99944pt.
<../../data/derived/m_trade_quote_round_lot_effects/M_20251031-20251103_min100_
20260408T060741Z_QZ_with_round_lot_sep2025_mean_close//boxplot__cross_k_pos_1e4
_1e3.png, id=173, 578.16pt x 361.35pt>
File: ../../data/derived/m_trade_quote_round_lot_effects/M_20251031-20251103_mi
n100_20260408T060741Z_QZ_with_round_lot_sep2025_mean_close//boxplot__cross_k_po
s_1e4_1e3.png Graphic file (type png)
<use ../../data/derived/m_trade_quote_round_lot_effects/M_20251031-20251103_min
100_20260408T060741Z_QZ_with_round_lot_sep2025_mean_close//boxplot__cross_k_pos
_1e4_1e3.png>
Package luatex.def Info: ../../data/derived/m_trade_quote_round_lot_effects/M_2
0251031-20251103_min100_20260408T060741Z_QZ_with_round_lot_sep2025_mean_close//
boxplot__cross_k_pos_1e4_1e3.png  used on input line 301.
(luatex.def)             Requested size: 140.80325pt x 87.99944pt.
 [4] [5<../../data/derived/m_trade_quote_cpcf_examples/M_20251031-20251103_min10
0_20260408T060741Z//cpcf__MORN.png><../../data/derived/m_trade_quote_cpcf_exampl
es/M_20251031-20251103_min100_20260408T060741Z//cpcf__MAR.png><../../data/derive
d/m_trade_quote_cpcf_examples/M_20251031-20251103_min100_20260408T060741Z//cpcf_
_MDB.png><../../data/derived/m_trade_quote_cpcf_examples/M_20251031-20251103_min
100_20260408T060741Z//cpcf__MSFT.png><../../data/derived/m_trade_quote_round_lot
_effects/M_20251031-20251103_min100_20260408T060741Z_QZ_with_round_lot_sep2025_m
ean_close//coef_plot.png>] [6<../../data/derived/m_trade_quote_round_lot_effects
/M_20251031-20251103_min100_20260408T060741Z_QZ_with_round_lot_sep2025_mean_clos
e//boxplot__mode.png><../../data/derived/m_trade_quote_round_lot_effects/M_20251
031-20251103_min100_20260408T060741Z_QZ_with_round_lot_sep2025_mean_close//boxpl
ot__cross_k_neg_1e3_1e4.png><../../data/derived/m_trade_quote_round_lot_effects/
M_20251031-20251103_min100_20260408T060741Z_QZ_with_round_lot_sep2025_mean_close
//boxplot__cross_k_neg_1e4_1e5.png><../../data/derived/m_trade_quote_round_lot_e
ffects/M_20251031-20251103_min100_20260408T060741Z_QZ_with_round_lot_sep2025_mea
n_close//boxplot__cross_k_neg_1e5_0.png><../../data/derived/m_trade_quote_round_
lot_effects/M_20251031-20251103_min100_20260408T060741Z_QZ_with_round_lot_sep202
5_mean_close//boxplot__cross_k_pos_0_1e5.png><../../data/derived/m_trade_quote_r
ound_lot_effects/M_20251031-20251103_min100_20260408T060741Z_QZ_with_round_lot_s
ep2025_mean_close//boxplot__cross_k_pos_1e5_1e4.png><../../data/derived/m_trade_
quote_round_lot_effects/M_20251031-20251103_min100_20260408T060741Z_QZ_with_roun
d_lot_sep2025_mean_close//boxplot__cross_k_pos_1e4_1e3.png>]
<../../data/derived/m_trade_quote_rd_250/M_20251031-20251103_min100_20260408T06
0741Z_QZ_with_round_lot_sep2025_mean_close//rd_plot__mode.png, id=210, 578.16pt
 x 361.35pt>
File: ../../data/derived/m_trade_quote_rd_250/M_20251031-20251103_min100_202604
08T060741Z_QZ_with_round_lot_sep2025_mean_close//rd_plot__mode.png Graphic file
 (type png)
<use ../../data/derived/m_trade_quote_rd_250/M_20251031-20251103_min100_2026040
8T060741Z_QZ_with_round_lot_sep2025_mean_close//rd_plot__mode.png>
Package luatex.def Info: ../../data/derived/m_trade_quote_rd_250/M_20251031-202
51103_min100_20260408T060741Z_QZ_with_round_lot_sep2025_mean_close//rd_plot__mo
de.png  used on input line 393.
(luatex.def)             Requested size: 343.19954pt x 214.4959pt.
<../../data/derived/m_trade_quote_rd_250/M_20251031-20251103_min100_20260408T06
0741Z_QZ_with_round_lot_sep2025_mean_close//rd_plot__cross_k_neg_1e3_1e4.png, i
d=211, 578.16pt x 361.35pt>
File: ../../data/derived/m_trade_quote_rd_250/M_20251031-20251103_min100_202604
08T060741Z_QZ_with_round_lot_sep2025_mean_close//rd_plot__cross_k_neg_1e3_1e4.p
ng Graphic file (type png)
<use ../../data/derived/m_trade_quote_rd_250/M_20251031-20251103_min100_2026040
8T060741Z_QZ_with_round_lot_sep2025_mean_close//rd_plot__cross_k_neg_1e3_1e4.pn
g>
Package luatex.def Info: ../../data/derived/m_trade_quote_rd_250/M_20251031-202
51103_min100_20260408T060741Z_QZ_with_round_lot_sep2025_mean_close//rd_plot__cr
oss_k_neg_1e3_1e4.png  used on input line 399.
(luatex.def)             Requested size: 140.80325pt x 87.99944pt.
<../../data/derived/m_trade_quote_rd_250/M_20251031-20251103_min100_20260408T06
0741Z_QZ_with_round_lot_sep2025_mean_close//rd_plot__cross_k_neg_1e4_1e5.png, i
d=212, 578.16pt x 361.35pt>
File: ../../data/derived/m_trade_quote_rd_250/M_20251031-20251103_min100_202604
08T060741Z_QZ_with_round_lot_sep2025_mean_close//rd_plot__cross_k_neg_1e4_1e5.p
ng Graphic file (type png)
<use ../../data/derived/m_trade_quote_rd_250/M_20251031-20251103_min100_2026040
8T060741Z_QZ_with_round_lot_sep2025_mean_close//rd_plot__cross_k_neg_1e4_1e5.pn
g>
Package luatex.def Info: ../../data/derived/m_trade_quote_rd_250/M_20251031-202
51103_min100_20260408T060741Z_QZ_with_round_lot_sep2025_mean_close//rd_plot__cr
oss_k_neg_1e4_1e5.png  used on input line 400.
(luatex.def)             Requested size: 140.80325pt x 87.99944pt.
<../../data/derived/m_trade_quote_rd_250/M_20251031-20251103_min100_20260408T06
0741Z_QZ_with_round_lot_sep2025_mean_close//rd_plot__cross_k_neg_1e5_0.png, id=
213, 578.16pt x 361.35pt>
File: ../../data/derived/m_trade_quote_rd_250/M_20251031-20251103_min100_202604
08T060741Z_QZ_with_round_lot_sep2025_mean_close//rd_plot__cross_k_neg_1e5_0.png
 Graphic file (type png)
<use ../../data/derived/m_trade_quote_rd_250/M_20251031-20251103_min100_2026040
8T060741Z_QZ_with_round_lot_sep2025_mean_close//rd_plot__cross_k_neg_1e5_0.png>

Package luatex.def Info: ../../data/derived/m_trade_quote_rd_250/M_20251031-202
51103_min100_20260408T060741Z_QZ_with_round_lot_sep2025_mean_close//rd_plot__cr
oss_k_neg_1e5_0.png  used on input line 401.
(luatex.def)             Requested size: 140.80325pt x 87.99944pt.
<../../data/derived/m_trade_quote_rd_250/M_20251031-20251103_min100_20260408T06
0741Z_QZ_with_round_lot_sep2025_mean_close//rd_plot__cross_k_pos_0_1e5.png, id=
214, 578.16pt x 361.35pt>
File: ../../data/derived/m_trade_quote_rd_250/M_20251031-20251103_min100_202604
08T060741Z_QZ_with_round_lot_sep2025_mean_close//rd_plot__cross_k_pos_0_1e5.png
 Graphic file (type png)
<use ../../data/derived/m_trade_quote_rd_250/M_20251031-20251103_min100_2026040
8T060741Z_QZ_with_round_lot_sep2025_mean_close//rd_plot__cross_k_pos_0_1e5.png>

Package luatex.def Info: ../../data/derived/m_trade_quote_rd_250/M_20251031-202
51103_min100_20260408T060741Z_QZ_with_round_lot_sep2025_mean_close//rd_plot__cr
oss_k_pos_0_1e5.png  used on input line 410.
(luatex.def)             Requested size: 140.80325pt x 87.99944pt.
<../../data/derived/m_trade_quote_rd_250/M_20251031-20251103_min100_20260408T06
0741Z_QZ_with_round_lot_sep2025_mean_close//rd_plot__cross_k_pos_1e5_1e4.png, i
d=215, 578.16pt x 361.35pt>
File: ../../data/derived/m_trade_quote_rd_250/M_20251031-20251103_min100_202604
08T060741Z_QZ_with_round_lot_sep2025_mean_close//rd_plot__cross_k_pos_1e5_1e4.p
ng Graphic file (type png)
<use ../../data/derived/m_trade_quote_rd_250/M_20251031-20251103_min100_2026040
8T060741Z_QZ_with_round_lot_sep2025_mean_close//rd_plot__cross_k_pos_1e5_1e4.pn
g>
Package luatex.def Info: ../../data/derived/m_trade_quote_rd_250/M_20251031-202
51103_min100_20260408T060741Z_QZ_with_round_lot_sep2025_mean_close//rd_plot__cr
oss_k_pos_1e5_1e4.png  used on input line 411.
(luatex.def)             Requested size: 140.80325pt x 87.99944pt.
<../../data/derived/m_trade_quote_rd_250/M_20251031-20251103_min100_20260408T06
0741Z_QZ_with_round_lot_sep2025_mean_close//rd_plot__cross_k_pos_1e4_1e3.png, i
d=216, 578.16pt x 361.35pt>
File: ../../data/derived/m_trade_quote_rd_250/M_20251031-20251103_min100_202604
08T060741Z_QZ_with_round_lot_sep2025_mean_close//rd_plot__cross_k_pos_1e4_1e3.p
ng Graphic file (type png)
<use ../../data/derived/m_trade_quote_rd_250/M_20251031-20251103_min100_2026040
8T060741Z_QZ_with_round_lot_sep2025_mean_close//rd_plot__cross_k_pos_1e4_1e3.pn
g>
Package luatex.def Info: ../../data/derived/m_trade_quote_rd_250/M_20251031-202
51103_min100_20260408T060741Z_QZ_with_round_lot_sep2025_mean_close//rd_plot__cr
oss_k_pos_1e4_1e3.png  used on input line 412.
(luatex.def)             Requested size: 140.80325pt x 87.99944pt.
 [7]
[8<../../data/derived/m_trade_quote_rd_250/M_20251031-20251103_min100_20260408T0
60741Z_QZ_with_round_lot_sep2025_mean_close//rd_plot__mode.png><../../data/deriv
ed/m_trade_quote_rd_250/M_20251031-20251103_min100_20260408T060741Z_QZ_with_roun
d_lot_sep2025_mean_close//rd_plot__cross_k_neg_1e3_1e4.png><../../data/derived/m
_trade_quote_rd_250/M_20251031-20251103_min100_20260408T060741Z_QZ_with_round_lo
t_sep2025_mean_close//rd_plot__cross_k_neg_1e4_1e5.png><../../data/derived/m_tra
de_quote_rd_250/M_20251031-20251103_min100_20260408T060741Z_QZ_with_round_lot_se
p2025_mean_close//rd_plot__cross_k_neg_1e5_0.png><../../data/derived/m_trade_quo
te_rd_250/M_20251031-20251103_min100_20260408T060741Z_QZ_with_round_lot_sep2025_
mean_close//rd_plot__cross_k_pos_0_1e5.png><../../data/derived/m_trade_quote_rd_
250/M_20251031-20251103_min100_20260408T060741Z_QZ_with_round_lot_sep2025_mean_c
lose//rd_plot__cross_k_pos_1e5_1e4.png><../../data/derived/m_trade_quote_rd_250/
M_20251031-20251103_min100_20260408T060741Z_QZ_with_round_lot_sep2025_mean_close
//rd_plot__cross_k_pos_1e4_1e3.png>] [9] [10

] [11]
Overfull \hbox (50.32974pt too wide) in alignment at lines 607--611
 [][][][][][][][] 
 []


Overfull \hbox (1.95126pt too wide) in paragraph at lines 612--612
[]|\TU/lmtt/m/n/9.89993 cross_k_neg_1e3_1e4| 
 []


Overfull \hbox (1.95126pt too wide) in paragraph at lines 613--613
[]|\TU/lmtt/m/n/9.89993 cross_k_neg_1e3_1e4| 
 []


Overfull \hbox (1.95126pt too wide) in paragraph at lines 614--614
[]|\TU/lmtt/m/n/9.89993 cross_k_neg_1e4_1e5| 
 []


Overfull \hbox (1.95126pt too wide) in paragraph at lines 615--615
[]|\TU/lmtt/m/n/9.89993 cross_k_neg_1e4_1e5| 
 []


Overfull \hbox (1.95126pt too wide) in paragraph at lines 620--620
[]|\TU/lmtt/m/n/9.89993 cross_k_pos_1e4_1e3| 
 []


Overfull \hbox (1.95126pt too wide) in paragraph at lines 621--621
[]|\TU/lmtt/m/n/9.89993 cross_k_pos_1e4_1e3| 
 []


Overfull \hbox (1.95126pt too wide) in paragraph at lines 622--622
[]|\TU/lmtt/m/n/9.89993 cross_k_pos_1e5_1e4| 
 []


Overfull \hbox (1.95126pt too wide) in paragraph at lines 623--623
[]|\TU/lmtt/m/n/9.89993 cross_k_pos_1e5_1e4| 
 []


Overfull \hbox (50.32974pt too wide) in alignment at lines 611--627
 [][][][][][][][] 
 []

[12]
Overfull \hbox (17.01965pt too wide) in alignment at lines 637--641
 [][][][][][] 
 []


Overfull \hbox (19.55502pt too wide) in paragraph at lines 642--642
[]|\TU/lmtt/m/n/9.89993 cross_k_neg_1e3_1e4| 
 []


Overfull \hbox (22.32951pt too wide) in paragraph at lines 642--642
[]|\TU/lmtt/m/n/9.89993 cross_k_pos_1e4_1e3_20251031| 
 []


Overfull \hbox (19.55502pt too wide) in paragraph at lines 643--643
[]|\TU/lmtt/m/n/9.89993 cross_k_neg_1e3_1e4| 
 []


Overfull \hbox (22.32951pt too wide) in paragraph at lines 643--643
[]|\TU/lmtt/m/n/9.89993 cross_k_neg_1e4_1e5_20251031| 
 []


Overfull \hbox (19.55502pt too wide) in paragraph at lines 644--644
[]|\TU/lmtt/m/n/9.89993 cross_k_neg_1e3_1e4| 
 []


Overfull \hbox (11.93459pt too wide) in paragraph at lines 644--644
[]|\TU/lmtt/m/n/9.89993 cross_k_neg_1e5_0_20251031| 
 []


Overfull \hbox (19.55502pt too wide) in paragraph at lines 645--645
[]|\TU/lmtt/m/n/9.89993 cross_k_neg_1e3_1e4| 
 []


Overfull \hbox (22.32951pt too wide) in paragraph at lines 645--645
[]|\TU/lmtt/m/n/9.89993 cross_k_pos_1e5_1e4_20251031| 
 []


Overfull \hbox (19.55502pt too wide) in paragraph at lines 646--646
[]|\TU/lmtt/m/n/9.89993 cross_k_neg_1e3_1e4| 
 []


Overfull \hbox (11.93459pt too wide) in paragraph at lines 646--646
[]|\TU/lmtt/m/n/9.89993 cross_k_pos_0_1e5_20251031| 
 []


Overfull \hbox (19.55502pt too wide) in paragraph at lines 647--647
[]|\TU/lmtt/m/n/9.89993 cross_k_neg_1e3_1e4| 
 []


Overfull \hbox (19.55502pt too wide) in paragraph at lines 648--648
[]|\TU/lmtt/m/n/9.89993 cross_k_neg_1e4_1e5| 
 []


Overfull \hbox (22.32951pt too wide) in paragraph at lines 648--648
[]|\TU/lmtt/m/n/9.89993 cross_k_pos_1e4_1e3_20251031| 
 []


Overfull \hbox (19.55502pt too wide) in paragraph at lines 649--649
[]|\TU/lmtt/m/n/9.89993 cross_k_neg_1e4_1e5| 
 []


Overfull \hbox (22.32951pt too wide) in paragraph at lines 649--649
[]|\TU/lmtt/m/n/9.89993 cross_k_neg_1e3_1e4_20251031| 
 []


Overfull \hbox (19.55502pt too wide) in paragraph at lines 650--650
[]|\TU/lmtt/m/n/9.89993 cross_k_neg_1e4_1e5| 
 []


Overfull \hbox (11.93459pt too wide) in paragraph at lines 650--650
[]|\TU/lmtt/m/n/9.89993 cross_k_neg_1e5_0_20251031| 
 []


Overfull \hbox (19.55502pt too wide) in paragraph at lines 651--651
[]|\TU/lmtt/m/n/9.89993 cross_k_neg_1e4_1e5| 
 []


Overfull \hbox (22.32951pt too wide) in paragraph at lines 651--651
[]|\TU/lmtt/m/n/9.89993 cross_k_pos_1e5_1e4_20251031| 
 []


Overfull \hbox (19.55502pt too wide) in paragraph at lines 652--652
[]|\TU/lmtt/m/n/9.89993 cross_k_neg_1e4_1e5| 
 []


Overfull \hbox (11.93459pt too wide) in paragraph at lines 652--652
[]|\TU/lmtt/m/n/9.89993 cross_k_pos_0_1e5_20251031| 
 []


Overfull \hbox (19.55502pt too wide) in paragraph at lines 653--653
[]|\TU/lmtt/m/n/9.89993 cross_k_neg_1e4_1e5| 
 []


Overfull \hbox (9.1601pt too wide) in paragraph at lines 654--654
[]|\TU/lmtt/m/n/9.89993 cross_k_neg_1e5_0| 
 []


Overfull \hbox (22.32951pt too wide) in paragraph at lines 654--654
[]|\TU/lmtt/m/n/9.89993 cross_k_pos_1e4_1e3_20251031| 
 []


Overfull \hbox (9.1601pt too wide) in paragraph at lines 655--655
[]|\TU/lmtt/m/n/9.89993 cross_k_neg_1e5_0| 
 []


Overfull \hbox (22.32951pt too wide) in paragraph at lines 655--655
[]|\TU/lmtt/m/n/9.89993 cross_k_neg_1e3_1e4_20251031| 
 []


Overfull \hbox (9.1601pt too wide) in paragraph at lines 656--656
[]|\TU/lmtt/m/n/9.89993 cross_k_neg_1e5_0| 
 []


Overfull \hbox (22.32951pt too wide) in paragraph at lines 656--656
[]|\TU/lmtt/m/n/9.89993 cross_k_neg_1e4_1e5_20251031| 
 []


Overfull \hbox (9.1601pt too wide) in paragraph at lines 657--657
[]|\TU/lmtt/m/n/9.89993 cross_k_neg_1e5_0| 
 []


Overfull \hbox (22.32951pt too wide) in paragraph at lines 657--657
[]|\TU/lmtt/m/n/9.89993 cross_k_pos_1e5_1e4_20251031| 
 []


Overfull \hbox (9.1601pt too wide) in paragraph at lines 658--658
[]|\TU/lmtt/m/n/9.89993 cross_k_neg_1e5_0| 
 []


Overfull \hbox (11.93459pt too wide) in paragraph at lines 658--658
[]|\TU/lmtt/m/n/9.89993 cross_k_pos_0_1e5_20251031| 
 []


Overfull \hbox (9.1601pt too wide) in paragraph at lines 659--659
[]|\TU/lmtt/m/n/9.89993 cross_k_neg_1e5_0| 
 []


Overfull \hbox (9.1601pt too wide) in paragraph at lines 660--660
[]|\TU/lmtt/m/n/9.89993 cross_k_pos_0_1e5| 
 []


Overfull \hbox (22.32951pt too wide) in paragraph at lines 660--660
[]|\TU/lmtt/m/n/9.89993 cross_k_pos_1e4_1e3_20251031| 
 []


Overfull \hbox (9.1601pt too wide) in paragraph at lines 661--661
[]|\TU/lmtt/m/n/9.89993 cross_k_pos_0_1e5| 
 []


Overfull \hbox (22.32951pt too wide) in paragraph at lines 661--661
[]|\TU/lmtt/m/n/9.89993 cross_k_neg_1e3_1e4_20251031| 
 []


Overfull \hbox (9.1601pt too wide) in paragraph at lines 662--662
[]|\TU/lmtt/m/n/9.89993 cross_k_pos_0_1e5| 
 []


Overfull \hbox (22.32951pt too wide) in paragraph at lines 662--662
[]|\TU/lmtt/m/n/9.89993 cross_k_neg_1e4_1e5_20251031| 
 []


Overfull \hbox (9.1601pt too wide) in paragraph at lines 663--663
[]|\TU/lmtt/m/n/9.89993 cross_k_pos_0_1e5| 
 []


Overfull \hbox (11.93459pt too wide) in paragraph at lines 663--663
[]|\TU/lmtt/m/n/9.89993 cross_k_neg_1e5_0_20251031| 
 []


Overfull \hbox (9.1601pt too wide) in paragraph at lines 664--664
[]|\TU/lmtt/m/n/9.89993 cross_k_pos_0_1e5| 
 []


Overfull \hbox (22.32951pt too wide) in paragraph at lines 664--664
[]|\TU/lmtt/m/n/9.89993 cross_k_pos_1e5_1e4_20251031| 
 []


Overfull \hbox (9.1601pt too wide) in paragraph at lines 665--665
[]|\TU/lmtt/m/n/9.89993 cross_k_pos_0_1e5| 
 []


Overfull \hbox (19.55502pt too wide) in paragraph at lines 666--666
[]|\TU/lmtt/m/n/9.89993 cross_k_pos_1e4_1e3| 
 []


Overfull \hbox (22.32951pt too wide) in paragraph at lines 666--666
[]|\TU/lmtt/m/n/9.89993 cross_k_neg_1e3_1e4_20251031| 
 []


Overfull \hbox (19.55502pt too wide) in paragraph at lines 667--667
[]|\TU/lmtt/m/n/9.89993 cross_k_pos_1e4_1e3| 
 []


Overfull \hbox (22.32951pt too wide) in paragraph at lines 667--667
[]|\TU/lmtt/m/n/9.89993 cross_k_neg_1e4_1e5_20251031| 
 []


Overfull \hbox (19.55502pt too wide) in paragraph at lines 668--668
[]|\TU/lmtt/m/n/9.89993 cross_k_pos_1e4_1e3| 
 []


Overfull \hbox (11.93459pt too wide) in paragraph at lines 668--668
[]|\TU/lmtt/m/n/9.89993 cross_k_neg_1e5_0_20251031| 
 []


Overfull \hbox (19.55502pt too wide) in paragraph at lines 669--669
[]|\TU/lmtt/m/n/9.89993 cross_k_pos_1e4_1e3| 
 []


Overfull \hbox (22.32951pt too wide) in paragraph at lines 669--669
[]|\TU/lmtt/m/n/9.89993 cross_k_pos_1e5_1e4_20251031| 
 []


Overfull \hbox (19.55502pt too wide) in paragraph at lines 670--670
[]|\TU/lmtt/m/n/9.89993 cross_k_pos_1e4_1e3| 
 []


Overfull \hbox (11.93459pt too wide) in paragraph at lines 670--670
[]|\TU/lmtt/m/n/9.89993 cross_k_pos_0_1e5_20251031| 
 []


Overfull \hbox (19.55502pt too wide) in paragraph at lines 671--671
[]|\TU/lmtt/m/n/9.89993 cross_k_pos_1e4_1e3| 
 []


Overfull \hbox (19.55502pt too wide) in paragraph at lines 672--672
[]|\TU/lmtt/m/n/9.89993 cross_k_pos_1e5_1e4| 
 []


Overfull \hbox (22.32951pt too wide) in paragraph at lines 672--672
[]|\TU/lmtt/m/n/9.89993 cross_k_pos_1e4_1e3_20251031| 
 []


Overfull \hbox (19.55502pt too wide) in paragraph at lines 673--673
[]|\TU/lmtt/m/n/9.89993 cross_k_pos_1e5_1e4| 
 []


Overfull \hbox (22.32951pt too wide) in paragraph at lines 673--673
[]|\TU/lmtt/m/n/9.89993 cross_k_neg_1e3_1e4_20251031| 
 []


Overfull \hbox (19.55502pt too wide) in paragraph at lines 674--674
[]|\TU/lmtt/m/n/9.89993 cross_k_pos_1e5_1e4| 
 []


Overfull \hbox (22.32951pt too wide) in paragraph at lines 674--674
[]|\TU/lmtt/m/n/9.89993 cross_k_neg_1e4_1e5_20251031| 
 []


Overfull \hbox (19.55502pt too wide) in paragraph at lines 675--675
[]|\TU/lmtt/m/n/9.89993 cross_k_pos_1e5_1e4| 
 []


Overfull \hbox (11.93459pt too wide) in paragraph at lines 675--675
[]|\TU/lmtt/m/n/9.89993 cross_k_neg_1e5_0_20251031| 
 []


Overfull \hbox (19.55502pt too wide) in paragraph at lines 676--676
[]|\TU/lmtt/m/n/9.89993 cross_k_pos_1e5_1e4| 
 []


Overfull \hbox (11.93459pt too wide) in paragraph at lines 676--676
[]|\TU/lmtt/m/n/9.89993 cross_k_pos_0_1e5_20251031| 
 []


Overfull \hbox (19.55502pt too wide) in paragraph at lines 677--677
[]|\TU/lmtt/m/n/9.89993 cross_k_pos_1e5_1e4| 
 []


Overfull \hbox (22.32951pt too wide) in paragraph at lines 678--678
[]|\TU/lmtt/m/n/9.89993 cross_k_pos_1e4_1e3_20251031| 
 []


Overfull \hbox (22.32951pt too wide) in paragraph at lines 679--679
[]|\TU/lmtt/m/n/9.89993 cross_k_neg_1e3_1e4_20251031| 
 []


Overfull \hbox (22.32951pt too wide) in paragraph at lines 680--680
[]|\TU/lmtt/m/n/9.89993 cross_k_neg_1e4_1e5_20251031| 
 []


Overfull \hbox (11.93459pt too wide) in paragraph at lines 681--681
[]|\TU/lmtt/m/n/9.89993 cross_k_neg_1e5_0_20251031| 
 []


Overfull \hbox (22.32951pt too wide) in paragraph at lines 682--682
[]|\TU/lmtt/m/n/9.89993 cross_k_pos_1e5_1e4_20251031| 
 []


Overfull \hbox (11.93459pt too wide) in paragraph at lines 683--683
[]|\TU/lmtt/m/n/9.89993 cross_k_pos_0_1e5_20251031| 
 []


Overfull \hbox (17.01965pt too wide) in alignment at lines 641--685
 [][][][][][] 
 []

[13] [14]
Overfull \hbox (32.97005pt too wide) in paragraph at lines 697--700
[]\TU/lmtt/m/n/11 notebooks/m_trade_quote_round_lot_effects.py |\JY3/HaranoAjiM
incho-Regular.otf(0)/m/n/11 と \TU/lmtt/m/n/11 notebooks/m_trade_quote_rd_250.p
y
 []

[15] (./main.aux)
Package rerunfilecheck Info: File `main.out' has not changed.
(rerunfilecheck)             Checksum: 74EBCE68364F56CCA03CE12E7EA52109;3411.
)

Here is how much of LuaTeX's memory you used:
 21918 strings out of 477785
 477818,953878 words of node,token memory allocated
 23955 words of node memory still in use:
   11 hlist, 2 vlist, 6 rule, 2 glue, 182 kern, 2 glyph, 7369 attribute, 1301 gl
ue_spec, 397 attribute_list, 1 write, 185 user_defined nodes
   avail lists: 1:33,2:164054,3:480,4:1054,5:72,6:205,7:11569,8:71,9:2044,10:32,
11:259
 41662 multiletter control sequences out of 65536+600000
 149 fonts using 156043927 bytes
 106i,13n,99p,1729b,1089s stack positions out of 10000i,1000n,20000p,200000b,200000s
{/usr/local/texlive/2022/texmf-dist/fonts/enc/dvips/lm/lm-rm.enc}</usr/local/tex
live/2022/texmf-dist/fonts/opentype/public/lm/lmmonolt10-bold.otf>{/usr/local/te
xlive/2022/texmf-dist/fonts/enc/dvips/lm/lm-mathit.enc}</usr/local/texlive/2022/
texmf-dist/fonts/opentype/public/lm/lmmono10-regular.otf></usr/local/texlive/202
2/texmf-dist/fonts/opentype/public/lm/lmmono8-regular.otf>{/usr/local/texlive/20
22/texmf-dist/fonts/enc/dvips/lm/lm-mathex.enc}</usr/local/texlive/2022/texmf-di
st/fonts/opentype/public/lm/lmroman10-regular.otf>{/usr/local/texlive/2022/texmf
-dist/fonts/enc/dvips/lm/lm-mathsy.enc}</usr/local/texlive/2022/texmf-dist/fonts
/opentype/public/lm/lmmono12-regular.otf></usr/local/texlive/2022/texmf-dist/fon
ts/opentype/public/haranoaji/HaranoAjiGothic-Medium.otf></usr/local/texlive/2022
/texmf-dist/fonts/opentype/public/lm/lmsans10-bold.otf></usr/local/texlive/2022/
texmf-dist/fonts/opentype/public/lm/lmroman12-regular.otf></usr/local/texlive/20
22/texmf-dist/fonts/opentype/public/haranoaji/HaranoAjiMincho-Regular.otf></usr/
local/texlive/2022/texmf-dist/fonts/opentype/public/lm/lmroman17-regular.otf></u
sr/local/texlive/2022/texmf-dist/fonts/type1/public/lm/lmbx12.pfb></usr/local/te
xlive/2022/texmf-dist/fonts/type1/public/lm/lmex10.pfb></usr/local/texlive/2022/
texmf-dist/fonts/type1/public/lm/lmmi10.pfb></usr/local/texlive/2022/texmf-dist/
fonts/type1/public/lm/lmmi12.pfb></usr/local/texlive/2022/texmf-dist/fonts/type1
/public/lm/lmmi6.pfb></usr/local/texlive/2022/texmf-dist/fonts/type1/public/lm/l
mmi8.pfb></usr/local/texlive/2022/texmf-dist/fonts/type1/public/lm/lmr10.pfb></u
sr/local/texlive/2022/texmf-dist/fonts/type1/public/lm/lmr12.pfb></usr/local/tex
live/2022/texmf-dist/fonts/type1/public/lm/lmr6.pfb></usr/local/texlive/2022/tex
mf-dist/fonts/type1/public/lm/lmr7.pfb></usr/local/texlive/2022/texmf-dist/fonts
/type1/public/lm/lmr8.pfb></usr/local/texlive/2022/texmf-dist/fonts/type1/public
/lm/lmsy10.pfb></usr/local/texlive/2022/texmf-dist/fonts/type1/public/lm/lmsy8.p
fb>
Output written on main.pdf (15 pages, 2024485 bytes).

PDF statistics: 391 PDF objects out of 1000 (max. 8388607)
 290 compressed objects within 3 object streams
 73 named destinations out of 1000 (max. 131072)
 249 words of extra memory for PDF output out of 10000 (max. 100000000)

