\BOOKMARK [1][-]{section.1}{\376\377\163\376\162\266\060\156\060\307\060\374\060\277\121\346\164\006}{}% 1
\BOOKMARK [2][-]{subsection.1.1}{\376\377\147\141\116\366}{section.1}% 2
\BOOKMARK [2][-]{subsection.1.2}{\376\377\121\145\122\233\060\307\060\374\060\277}{section.1}% 3
\BOOKMARK [2][-]{subsection.1.3}{\376\377\060\321\060\244\060\327\060\351\060\244\060\363\121\150\117\123\120\317}{section.1}% 4
\BOOKMARK [2][-]{subsection.1.4}{\376\377\147\000\175\102\000\040\000p\000a\000n\000e\000l\000\040\060\156\151\313\142\020}{section.1}% 5
\BOOKMARK [2][-]{subsection.1.5}{\376\377\000C\000P\000C\000F\000\040\060\156\121\167\117\123\117\213}{section.1}% 6
\BOOKMARK [1][-]{section.2}{\376\377\000r\000o\000u\000n\000d\000\040\000l\000o\000t\000\040\131\011\146\364\126\336\136\060\060\150\173\261\060\162\060\122\126\363}{}% 7
\BOOKMARK [2][-]{subsection.2.1}{\376\377\212\055\212\010}{section.2}% 8
\BOOKMARK [2][-]{subsection.2.2}{\376\377\060\265\060\363\060\327\060\353\151\313\142\020}{section.2}% 9
\BOOKMARK [2][-]{subsection.2.3}{\376\377\126\336\136\060\175\120\147\234\060\156\211\201\175\004}{section.2}% 10
\BOOKMARK [2][-]{subsection.2.4}{\376\377\117\302\145\160\060\327\060\355\060\303\060\310}{section.2}% 11
\BOOKMARK [2][-]{subsection.2.5}{\376\377\173\261\060\162\060\122\126\363}{section.2}% 12
\BOOKMARK [2][-]{subsection.2.6}{\376\377\211\343\221\310}{section.2}% 13
\BOOKMARK [1][-]{section.3}{\376\377\000\044\0002\0005\0000\000\044\000\040\000c\000u\000t\000o\000f\000f\000\040\060\156\000\040\000R\000D\000\040\122\006\147\220}{}% 14
\BOOKMARK [2][-]{subsection.3.1}{\376\377\000R\000D\000\040\212\055\212\010}{section.3}% 15
\BOOKMARK [2][-]{subsection.3.2}{\376\377\060\265\060\363\060\327\060\353\151\313\142\020}{section.3}% 16
\BOOKMARK [2][-]{subsection.3.3}{\376\377\000R\000D\000\040\143\250\133\232\175\120\147\234}{section.3}% 17
\BOOKMARK [2][-]{subsection.3.4}{\376\377\000R\000D\000\040\126\363}{section.3}% 18
\BOOKMARK [2][-]{subsection.3.5}{\376\377\122\066\175\004}{section.3}% 19
\BOOKMARK [1][-]{appendix.A}{\376\377\121\346\164\006\060\156\145\160\164\006\166\204\133\232\177\251}{}% 20
\BOOKMARK [2][-]{subsection.A.1}{\376\377\000e\000v\000e\000n\000t\000\040\122\027\060\156\133\232\177\251}{appendix.A}% 21
\BOOKMARK [2][-]{subsection.A.2}{\376\377\000p\000a\000i\000r\000\040\000s\000u\000m\000m\000a\000r\000y\000\040\060\156\133\232\177\251}{appendix.A}% 22
\BOOKMARK [1][-]{appendix.B}{\376\377\133\214\121\150\121\215\163\376\142\113\230\006}{}% 23
\BOOKMARK [2][-]{subsection.B.1}{\376\377\122\115\143\320}{appendix.B}% 24
\BOOKMARK [2][-]{subsection.B.2}{\376\377\000p\000a\000n\000e\000l\000\040\151\313\173\311}{appendix.B}% 25
\BOOKMARK [2][-]{subsection.B.3}{\376\377\000r\000o\000u\000n\000d\000-\000l\000o\000t\000\040\000c\000h\000a\000n\000g\000e\000\040\126\336\136\060}{appendix.B}% 26
\BOOKMARK [2][-]{subsection.B.4}{\376\377\000R\000D\000\040\122\006\147\220}{appendix.B}% 27
\BOOKMARK [1][-]{appendix.C}{\376\377\000s\000a\000n\000i\000t\000y\000\040\000c\000h\000e\000c\000k}{}% 28
\BOOKMARK [1][-]{appendix.D}{\376\377\126\336\136\060\060\156\177\244\122\045\211\201\175\004}{}% 29
\BOOKMARK [1][-]{appendix.E}{\376\377\000R\000D\000\040\000b\000a\000l\000a\000n\000c\000e\000\040\000t\000e\000s\000t\000\040\212\163\175\060}{}% 30
\BOOKMARK [1][-]{appendix.F}{\376\377\121\215\163\376\116\012\060\156\154\350\141\017\160\271}{}% 31
